Invalid MIT-MAGIC-COOKIE-1 keyOpenParEM3D Copyright (C) 2024 Brian Young

This program comes with ABSOLUTELY NO WARRANTY.  This is free software,
and you are welcome to distribute it under certain conditions. To see
the full license, set
  output.show.license true
in the setup file.

Setting up ...
   loading project file "straight_order_7.proj"
      Warning: Value at line 8 is large.
   loading materials file "../../../../OpenParEM2D/regression/global_materials.txt"
Loading mesh and assigning materials ...
   loading gmsh mesh format
   loading port definition file "straight_ports.txt"
*******************************************************************************************************************************************************
 Frequency: 9e+09
*******************************************************************************************************************************************************
Mesh::GeneratePartitioning(...): METIS returned 2 empty parts! Applying a simple fix ...
   Refining mesh starting with the initial mesh.
   Iteration 1 ...
      mesh worst element aspect ratio: 6.11284 > target: 5
      mesh size: 30
      mesh edge length/wavelength in element: shortest=0.305102 longest=1.53217
      solving 2D ports ...
         Port "input" ...
         | OpenParEM2D Copyright (C) 2024 Brian Young
         | 
         | This program comes with ABSOLUTELY NO WARRANTY.  This is free software,
         | and you are welcome to distribute it under certain conditions. To see
         | the full license, set
         |   output.show.license true
         | in the setup file.
         | 
         | Setting up ...
         |    loading project file "Sinput.proj"
         |    loading materials file "../../../../../../OpenParEM2D/regression/global_materials.txt"
         |    loading mode definition file "Sinput_lines.txt"
         | Loading mesh and assigning materials ...
         |    loading MFEM mesh format
         | Frequency: 9e+09
         |    Using existing mesh ...
         |       mesh size: 4
         |       mesh worst element aspect ratio: 3.89711 < target: 5
         |       Solving ...
         |          matrix size: 337
         |          solving the eigenvalue problem ...
         |             number of iterations: 39
         |          post processing ...
         |          solve elapsed time: 0.564718 s
         |       Results:
         |          -------------------------------------------------------------------------------------------------------------------------
         |           mode     frequency           er,eff       alpha,dB/m  beta/1000,rad/m          beta/ko         Zo(real)         Zo(imag)
         |          -------------------------------------------------------------------------------------------------------------------------
         |           1            9e+09       0.46978408     4.856446e-12        0.1292858       0.68540796        488.57093   -4.4038666e-12
         |          -------------------------------------------------------------------------------------------------------------------------
         |       Finished
         |       cummulative elapsed time: 0.580553 s
         | Job Complete
         | Elapsed time: 0.58067 s
         Port "output" ...
         | OpenParEM2D Copyright (C) 2024 Brian Young
         | 
         | This program comes with ABSOLUTELY NO WARRANTY.  This is free software,
         | and you are welcome to distribute it under certain conditions. To see
         | the full license, set
         |   output.show.license true
         | in the setup file.
         | 
         | Setting up ...
         |    loading project file "Soutput.proj"
         |    loading materials file "../../../../../../OpenParEM2D/regression/global_materials.txt"
         |    loading mode definition file "Soutput_lines.txt"
         | Loading mesh and assigning materials ...
         |    loading MFEM mesh format
         | Frequency: 9e+09
         |    Using existing mesh ...
         |       mesh size: 4
         |       mesh worst element aspect ratio: 3.89711 < target: 5
         |       Solving ...
         |          matrix size: 337
         |          solving the eigenvalue problem ...
         |             number of iterations: 40
         |          post processing ...
         |          solve elapsed time: 0.459645 s
         |       Results:
         |          -------------------------------------------------------------------------------------------------------------------------
         |           mode     frequency           er,eff       alpha,dB/m  beta/1000,rad/m          beta/ko         Zo(real)         Zo(imag)
         |          -------------------------------------------------------------------------------------------------------------------------
         |           1            9e+09       0.46978408   -1.2103032e-10        0.1292858       0.68540796        488.57093   -5.3792985e-11
         |          -------------------------------------------------------------------------------------------------------------------------
         |       Finished
         |       cummulative elapsed time: 0.468776 s
         | Job Complete
         | Elapsed time: 0.468883 s
      building finite element spaces ...
      Driving S-port 1 ...
         solving E field in 3D volume ...
            using Cholesky preconditioner ...
               Converged: RTOL
         solving H field in 3D volume ...
            using Cholesky preconditioner ...
               Converged: RTOL
         post-processing ...
         calculating mesh errors ...
      Driving S-port 2 ...
         solving E field in 3D volume ...
            using Cholesky preconditioner ...
               Converged: RTOL
         solving H field in 3D volume ...
            using Cholesky preconditioner ...
               Converged: RTOL
         post-processing ...
         calculating mesh errors ...
         refining mesh ...
            INFO: Skipping Touchstone file output for non-renormalized data.
CUMMULATIVETIME,1,12.8911
   Iteration 2 ...
      mesh worst element aspect ratio: 6.4349 > target: 5
      mesh size: 84
      mesh edge length/wavelength in element: shortest=0.152551 longest=1.53217
      solving 2D ports ...
         Port "input" ...
         | OpenParEM2D Copyright (C) 2024 Brian Young
         | 
         | This program comes with ABSOLUTELY NO WARRANTY.  This is free software,
         | and you are welcome to distribute it under certain conditions. To see
         | the full license, set
         |   output.show.license true
         | in the setup file.
         | 
         | Setting up ...
         |    loading project file "Sinput.proj"
         |    loading materials file "../../../../../../OpenParEM2D/regression/global_materials.txt"
         |    loading mode definition file "Sinput_lines.txt"
         | Loading mesh and assigning materials ...
         |    loading MFEM mesh format
         | Frequency: 9e+09
         |    Using existing mesh ...
         |       mesh size: 4
         |       mesh worst element aspect ratio: 3.89711 < target: 5
         |       Solving ...
         |          matrix size: 337
         |          solving the eigenvalue problem ...
         |             using initial guess for the dominant eigenvalue
         |             number of iterations: 2
         |          post processing ...
         |          solve elapsed time: 0.224347 s
         |       Results:
         |          -------------------------------------------------------------------------------------------------------------------------
         |           mode     frequency           er,eff       alpha,dB/m  beta/1000,rad/m          beta/ko         Zo(real)         Zo(imag)
         |          -------------------------------------------------------------------------------------------------------------------------
         |           1            9e+09       0.46978408    7.2142815e-12        0.1292858       0.68540796        488.57093    2.9693162e-12
         |          -------------------------------------------------------------------------------------------------------------------------
         |       Finished
         |       cummulative elapsed time: 0.233531 s
         | Job Complete
         | Elapsed time: 0.233639 s
         Port "output" ...
         | OpenParEM2D Copyright (C) 2024 Brian Young
         | 
         | This program comes with ABSOLUTELY NO WARRANTY.  This is free software,
         | and you are welcome to distribute it under certain conditions. To see
         | the full license, set
         |   output.show.license true
         | in the setup file.
         | 
         | Setting up ...
         |    loading project file "Soutput.proj"
         |    loading materials file "../../../../../../OpenParEM2D/regression/global_materials.txt"
         |    loading mode definition file "Soutput_lines.txt"
         | Loading mesh and assigning materials ...
         |    loading MFEM mesh format
         | Frequency: 9e+09
         |    Using existing mesh ...
         |       mesh size: 4
         |       mesh worst element aspect ratio: 3.89711 < target: 5
         |       Solving ...
         |          matrix size: 337
         |          solving the eigenvalue problem ...
         |             using initial guess for the dominant eigenvalue
         |             number of iterations: 2
         |          post processing ...
         |          solve elapsed time: 0.223611 s
         |       Results:
         |          -------------------------------------------------------------------------------------------------------------------------
         |           mode     frequency           er,eff       alpha,dB/m  beta/1000,rad/m          beta/ko         Zo(real)         Zo(imag)
         |          -------------------------------------------------------------------------------------------------------------------------
         |           1            9e+09       0.46978408    4.7992387e-12        0.1292858       0.68540796        488.57093    2.0014394e-12
         |          -------------------------------------------------------------------------------------------------------------------------
         |       Finished
         |       cummulative elapsed time: 0.232751 s
         | Job Complete
         | Elapsed time: 0.232872 s
      building finite element spaces ...
      Driving S-port 1 ...
         solving E field in 3D volume ...
            using Cholesky preconditioner ...
               Converged: RTOL
         solving H field in 3D volume ...
            using Cholesky preconditioner ...
               Converged: RTOL
         post-processing ...
         calculating mesh errors ...
      Driving S-port 2 ...
         solving E field in 3D volume ...
            using Cholesky preconditioner ...
               Converged: RTOL
         solving H field in 3D volume ...
            using Cholesky preconditioner ...
               Converged: RTOL
         post-processing ...
         calculating mesh errors ...
         refining mesh ...
            INFO: Skipping Touchstone file output for non-renormalized data.
CUMMULATIVETIME,2,58.6941
   Iteration 3 ...
      mesh worst element aspect ratio: 7.25289 > target: 5
      mesh size: 143
      mesh edge length/wavelength in element: shortest=0.152551 longest=0.825488
      solving 2D ports ...
         Port "input" ...
         | OpenParEM2D Copyright (C) 2024 Brian Young
         | 
         | This program comes with ABSOLUTELY NO WARRANTY.  This is free software,
         | and you are welcome to distribute it under certain conditions. To see
         | the full license, set
         |   output.show.license true
         | in the setup file.
         | 
         | Setting up ...
         |    loading project file "Sinput.proj"
         |    loading materials file "../../../../../../OpenParEM2D/regression/global_materials.txt"
         |    loading mode definition file "Sinput_lines.txt"
         | Loading mesh and assigning materials ...
         |    loading MFEM mesh format
         | Frequency: 9e+09
         |    Using existing mesh ...
         |       mesh size: 4
         |       mesh worst element aspect ratio: 3.89711 < target: 5
         |       Solving ...
         |          matrix size: 337
         |          solving the eigenvalue problem ...
         |             using initial guess for the dominant eigenvalue
         |             number of iterations: 2
         |          post processing ...
         |          solve elapsed time: 0.223813 s
         |       Results:
         |          -------------------------------------------------------------------------------------------------------------------------
         |           mode     frequency           er,eff       alpha,dB/m  beta/1000,rad/m          beta/ko         Zo(real)         Zo(imag)
         |          -------------------------------------------------------------------------------------------------------------------------
         |           1            9e+09       0.46978408    8.4358758e-13        0.1292858       0.68540796        488.57093     1.696445e-13
         |          -------------------------------------------------------------------------------------------------------------------------
         |       Finished
         |       cummulative elapsed time: 0.232788 s
         | Job Complete
         | Elapsed time: 0.232891 s
         Port "output" ...
         | OpenParEM2D Copyright (C) 2024 Brian Young
         | 
         | This program comes with ABSOLUTELY NO WARRANTY.  This is free software,
         | and you are welcome to distribute it under certain conditions. To see
         | the full license, set
         |   output.show.license true
         | in the setup file.
         | 
         | Setting up ...
         |    loading project file "Soutput.proj"
         |    loading materials file "../../../../../../OpenParEM2D/regression/global_materials.txt"
         |    loading mode definition file "Soutput_lines.txt"
         | Loading mesh and assigning materials ...
         |    loading MFEM mesh format
         | Frequency: 9e+09
         |    Using existing mesh ...
         |       mesh size: 4
         |       mesh worst element aspect ratio: 3.89711 < target: 5
         |       Solving ...
         |          matrix size: 337
         |          solving the eigenvalue problem ...
         |             using initial guess for the dominant eigenvalue
         |             number of iterations: 2
         |          post processing ...
         |          solve elapsed time: 0.221618 s
         |       Results:
         |          -------------------------------------------------------------------------------------------------------------------------
         |           mode     frequency           er,eff       alpha,dB/m  beta/1000,rad/m          beta/ko         Zo(real)         Zo(imag)
         |          -------------------------------------------------------------------------------------------------------------------------
         |           1            9e+09       0.46978408    6.6378644e-12        0.1292858       0.68540796        488.57093    2.8726791e-12
         |          -------------------------------------------------------------------------------------------------------------------------
         |       Finished
         |       cummulative elapsed time: 0.230538 s
         | Job Complete
         | Elapsed time: 0.23064 s
      building finite element spaces ...
      Driving S-port 1 ...
         solving E field in 3D volume ...
            using Cholesky preconditioner ...
               Converged: RTOL
         solving H field in 3D volume ...
            using Cholesky preconditioner ...
               Converged: RTOL
         post-processing ...
         calculating mesh errors ...
      Driving S-port 2 ...
         solving E field in 3D volume ...
            using Cholesky preconditioner ...
               Converged: RTOL
         solving H field in 3D volume ...
            using Cholesky preconditioner ...
               Converged: RTOL
         post-processing ...
         calculating mesh errors ...
         refining mesh ...
            INFO: Skipping Touchstone file output for non-renormalized data.
CUMMULATIVETIME,3,114.759
   Iteration 4 ...
      mesh worst element aspect ratio: 11.7387 > target: 5
      mesh size: 310
      mesh edge length/wavelength in element: shortest=0.0762756 longest=0.825488
      solving 2D ports ...
         Port "input" ...
         | OpenParEM2D Copyright (C) 2024 Brian Young
         | 
         | This program comes with ABSOLUTELY NO WARRANTY.  This is free software,
         | and you are welcome to distribute it under certain conditions. To see
         | the full license, set
         |   output.show.license true
         | in the setup file.
         | 
         | Setting up ...
         |    loading project file "Sinput.proj"
         |    loading materials file "../../../../../../OpenParEM2D/regression/global_materials.txt"
         |    loading mode definition file "Sinput_lines.txt"
         | Loading mesh and assigning materials ...
         |    loading MFEM mesh format
         | Frequency: 9e+09
         |    Using existing mesh ...
         |       mesh size: 4
         |       mesh worst element aspect ratio: 3.89711 < target: 5
         |       Solving ...
         |          matrix size: 337
         |          solving the eigenvalue problem ...
         |             using initial guess for the dominant eigenvalue
         |             number of iterations: 2
         |          post processing ...
         |          solve elapsed time: 0.221494 s
         |       Results:
         |          -------------------------------------------------------------------------------------------------------------------------
         |           mode     frequency           er,eff       alpha,dB/m  beta/1000,rad/m          beta/ko         Zo(real)         Zo(imag)
         |          -------------------------------------------------------------------------------------------------------------------------
         |           1            9e+09       0.46978408    3.0461883e-12        0.1292858       0.68540796        488.57093    1.3643612e-12
         |          -------------------------------------------------------------------------------------------------------------------------
         |       Finished
         |       cummulative elapsed time: 0.230427 s
         | Job Complete
         | Elapsed time: 0.230535 s
         Port "output" ...
         | OpenParEM2D Copyright (C) 2024 Brian Young
         | 
         | This program comes with ABSOLUTELY NO WARRANTY.  This is free software,
         | and you are welcome to distribute it under certain conditions. To see
         | the full license, set
         |   output.show.license true
         | in the setup file.
         | 
         | Setting up ...
         |    loading project file "Soutput.proj"
         |    loading materials file "../../../../../../OpenParEM2D/regression/global_materials.txt"
         |    loading mode definition file "Soutput_lines.txt"
         | Loading mesh and assigning materials ...
         |    loading MFEM mesh format
         | Frequency: 9e+09
         |    Using existing mesh ...
         |       mesh size: 4
         |       mesh worst element aspect ratio: 3.89711 < target: 5
         |       Solving ...
         |          matrix size: 337
         |          solving the eigenvalue problem ...
         |             using initial guess for the dominant eigenvalue
         |             number of iterations: 2
         |          post processing ...
         |          solve elapsed time: 0.224288 s
         |       Results:
         |          -------------------------------------------------------------------------------------------------------------------------
         |           mode     frequency           er,eff       alpha,dB/m  beta/1000,rad/m          beta/ko         Zo(real)         Zo(imag)
         |          -------------------------------------------------------------------------------------------------------------------------
         |           1            9e+09       0.46978408    5.8825279e-12        0.1292858       0.68540796        488.57093    2.5712001e-12
         |          -------------------------------------------------------------------------------------------------------------------------
         |       Finished
         |       cummulative elapsed time: 0.233262 s
         | Job Complete
         | Elapsed time: 0.233373 s
      building finite element spaces ...
      Driving S-port 1 ...
         solving E field in 3D volume ...
            using Cholesky preconditioner ...
               Converged: RTOL
         solving H field in 3D volume ...
            using Cholesky preconditioner ...
               Converged: RTOL
         post-processing ...
         calculating mesh errors ...
      Driving S-port 2 ...
         solving E field in 3D volume ...
            using Cholesky preconditioner ...
               Converged: RTOL
         solving H field in 3D volume ...
            using Cholesky preconditioner ...
            re-trying ...
               Converged: RTOL
         post-processing ...
         calculating mesh errors ...
         refining mesh ...
            INFO: Skipping Touchstone file output for non-renormalized data.
CUMMULATIVETIME,4,317.078
   Iteration 5 ...
      mesh worst element aspect ratio: 11.7387 > target: 5
      mesh size: 356
      mesh edge length/wavelength in element: shortest=0.0762756 longest=0.825488
      solving 2D ports ...
         Port "input" ...
         | OpenParEM2D Copyright (C) 2024 Brian Young
         | 
         | This program comes with ABSOLUTELY NO WARRANTY.  This is free software,
         | and you are welcome to distribute it under certain conditions. To see
         | the full license, set
         |   output.show.license true
         | in the setup file.
         | 
         | Setting up ...
         |    loading project file "Sinput.proj"
         |    loading materials file "../../../../../../OpenParEM2D/regression/global_materials.txt"
         |    loading mode definition file "Sinput_lines.txt"
         | Loading mesh and assigning materials ...
         |    loading MFEM mesh format
         | Frequency: 9e+09
         |    Using existing mesh ...
         |       mesh size: 4
         |       mesh worst element aspect ratio: 3.89711 < target: 5
         |       Solving ...
         |          matrix size: 337
         |          solving the eigenvalue problem ...
         |             using initial guess for the dominant eigenvalue
         |             number of iterations: 2
         |          post processing ...
         |          solve elapsed time: 0.220503 s
         |       Results:
         |          -------------------------------------------------------------------------------------------------------------------------
         |           mode     frequency           er,eff       alpha,dB/m  beta/1000,rad/m          beta/ko         Zo(real)         Zo(imag)
         |          -------------------------------------------------------------------------------------------------------------------------
         |           1            9e+09       0.46978408   -3.7997059e-12        0.1292858       0.68540796        488.57093   -1.7725286e-12
         |          -------------------------------------------------------------------------------------------------------------------------
         |       Finished
         |       cummulative elapsed time: 0.229417 s
         | Job Complete
         | Elapsed time: 0.229515 s
         Port "output" ...
         | OpenParEM2D Copyright (C) 2024 Brian Young
         | 
         | This program comes with ABSOLUTELY NO WARRANTY.  This is free software,
         | and you are welcome to distribute it under certain conditions. To see
         | the full license, set
         |   output.show.license true
         | in the setup file.
         | 
         | Setting up ...
         |    loading project file "Soutput.proj"
         |    loading materials file "../../../../../../OpenParEM2D/regression/global_materials.txt"
         |    loading mode definition file "Soutput_lines.txt"
         | Loading mesh and assigning materials ...
         |    loading MFEM mesh format
         | Frequency: 9e+09
         |    Using existing mesh ...
         |       mesh size: 4
         |       mesh worst element aspect ratio: 3.89711 < target: 5
         |       Solving ...
         |          matrix size: 337
         |          solving the eigenvalue problem ...
         |             using initial guess for the dominant eigenvalue
         |             number of iterations: 2
         |          post processing ...
         |          solve elapsed time: 0.222737 s
         |       Results:
         |          -------------------------------------------------------------------------------------------------------------------------
         |           mode     frequency           er,eff       alpha,dB/m  beta/1000,rad/m          beta/ko         Zo(real)         Zo(imag)
         |          -------------------------------------------------------------------------------------------------------------------------
         |           1            9e+09       0.46978408    5.8412445e-13        0.1292858       0.68540796        488.57093    2.5406535e-13
         |          -------------------------------------------------------------------------------------------------------------------------
         |       Finished
         |       cummulative elapsed time: 0.231706 s
         | Job Complete
         | Elapsed time: 0.231809 s
      building finite element spaces ...
      Driving S-port 1 ...
         solving E field in 3D volume ...
            using Cholesky preconditioner ...
               Converged: RTOL
         solving H field in 3D volume ...
            using Cholesky preconditioner ...
               Converged: RTOL
         post-processing ...
         calculating mesh errors ...
      Driving S-port 2 ...
         solving E field in 3D volume ...
            using Cholesky preconditioner ...
               Converged: RTOL
         solving H field in 3D volume ...
            using Cholesky preconditioner ...
               Converged: RTOL
         post-processing ...
         calculating mesh errors ...
         refining mesh ...
            INFO: Skipping Touchstone file output for non-renormalized data.
CUMMULATIVETIME,5,517.195
   Iteration 6 ...
      mesh worst element aspect ratio: 11.8138 > target: 5
      mesh size: 421
      mesh edge length/wavelength in element: shortest=0.0762756 longest=0.825488
      solving 2D ports ...
         Port "input" ...
         | OpenParEM2D Copyright (C) 2024 Brian Young
         | 
         | This program comes with ABSOLUTELY NO WARRANTY.  This is free software,
         | and you are welcome to distribute it under certain conditions. To see
         | the full license, set
         |   output.show.license true
         | in the setup file.
         | 
         | Setting up ...
         |    loading project file "Sinput.proj"
         |    loading materials file "../../../../../../OpenParEM2D/regression/global_materials.txt"
         |    loading mode definition file "Sinput_lines.txt"
         | Loading mesh and assigning materials ...
         |    loading MFEM mesh format
         | Frequency: 9e+09
         |    Using existing mesh ...
         |       mesh size: 4
         |       mesh worst element aspect ratio: 3.89711 < target: 5
         |       Solving ...
         |          matrix size: 337
         |          solving the eigenvalue problem ...
         |             using initial guess for the dominant eigenvalue
         |             number of iterations: 2
         |          post processing ...
         |          solve elapsed time: 0.220096 s
         |       Results:
         |          -------------------------------------------------------------------------------------------------------------------------
         |           mode     frequency           er,eff       alpha,dB/m  beta/1000,rad/m          beta/ko         Zo(real)         Zo(imag)
         |          -------------------------------------------------------------------------------------------------------------------------
         |           1            9e+09       0.46978408    9.2614927e-12        0.1292858       0.68540796        488.57093    4.1580332e-12
         |          -------------------------------------------------------------------------------------------------------------------------
         |       Finished
         |       cummulative elapsed time: 0.229141 s
         | Job Complete
         | Elapsed time: 0.229247 s
         Port "output" ...
         | OpenParEM2D Copyright (C) 2024 Brian Young
         | 
         | This program comes with ABSOLUTELY NO WARRANTY.  This is free software,
         | and you are welcome to distribute it under certain conditions. To see
         | the full license, set
         |   output.show.license true
         | in the setup file.
         | 
         | Setting up ...
         |    loading project file "Soutput.proj"
         |    loading materials file "../../../../../../OpenParEM2D/regression/global_materials.txt"
         |    loading mode definition file "Soutput_lines.txt"
         | Loading mesh and assigning materials ...
         |    loading MFEM mesh format
         | Frequency: 9e+09
         |    Using existing mesh ...
         |       mesh size: 4
         |       mesh worst element aspect ratio: 3.89711 < target: 5
         |       Solving ...
         |          matrix size: 337
         |          solving the eigenvalue problem ...
         |             using initial guess for the dominant eigenvalue
         |             number of iterations: 2
         |          post processing ...
         |          solve elapsed time: 0.224742 s
         |       Results:
         |          -------------------------------------------------------------------------------------------------------------------------
         |           mode     frequency           er,eff       alpha,dB/m  beta/1000,rad/m          beta/ko         Zo(real)         Zo(imag)
         |          -------------------------------------------------------------------------------------------------------------------------
         |           1            9e+09       0.46978408    7.0920864e-12        0.1292858       0.68540796        488.57093    3.1364663e-12
         |          -------------------------------------------------------------------------------------------------------------------------
         |       Finished
         |       cummulative elapsed time: 0.233755 s
         | Job Complete
         | Elapsed time: 0.233863 s
      building finite element spaces ...
      Driving S-port 1 ...
         solving E field in 3D volume ...
            using Cholesky preconditioner ...
               Converged: RTOL
         solving H field in 3D volume ...
            using Cholesky preconditioner ...
               Converged: RTOL
         post-processing ...
         calculating mesh errors ...
      Driving S-port 2 ...
         solving E field in 3D volume ...
            using Cholesky preconditioner ...
               Converged: RTOL
         solving H field in 3D volume ...
            using Cholesky preconditioner ...
               Converged: RTOL
         post-processing ...
         calculating mesh errors ...
         refining mesh ...
            INFO: Skipping Touchstone file output for non-renormalized data.
CUMMULATIVETIME,6,737.193
   Iteration 7 ...
      mesh worst element aspect ratio: 11.8138 > target: 5
      mesh size: 638
      mesh edge length/wavelength in element: shortest=0.0762756 longest=0.766087
      solving 2D ports ...
         Port "input" ...
         | OpenParEM2D Copyright (C) 2024 Brian Young
         | 
         | This program comes with ABSOLUTELY NO WARRANTY.  This is free software,
         | and you are welcome to distribute it under certain conditions. To see
         | the full license, set
         |   output.show.license true
         | in the setup file.
         | 
         | Setting up ...
         |    loading project file "Sinput.proj"
         |    loading materials file "../../../../../../OpenParEM2D/regression/global_materials.txt"
         |    loading mode definition file "Sinput_lines.txt"
         | Loading mesh and assigning materials ...
         |    loading MFEM mesh format
         | Frequency: 9e+09
         |    Using existing mesh ...
         |       mesh size: 10
         |       mesh worst element aspect ratio: 3.89711 < target: 5
         |       Solving ...
         |          matrix size: 813
         |          solving the eigenvalue problem ...
         |             using initial guess for the dominant eigenvalue
         |             number of iterations: 2
         |          post processing ...
         |          solve elapsed time: 0.435843 s
         |       Results:
         |          -------------------------------------------------------------------------------------------------------------------------
         |           mode     frequency           er,eff       alpha,dB/m  beta/1000,rad/m          beta/ko         Zo(real)         Zo(imag)
         |          -------------------------------------------------------------------------------------------------------------------------
         |           1            9e+09       0.46978408    9.0295417e-12        0.1292858       0.68540796        488.57237    3.9295644e-12
         |          -------------------------------------------------------------------------------------------------------------------------
         |       Finished
         |       cummulative elapsed time: 0.450808 s
         | Job Complete
         | Elapsed time: 0.4509 s
         Port "output" ...
         | OpenParEM2D Copyright (C) 2024 Brian Young
         | 
         | This program comes with ABSOLUTELY NO WARRANTY.  This is free software,
         | and you are welcome to distribute it under certain conditions. To see
         | the full license, set
         |   output.show.license true
         | in the setup file.
         | 
         | Setting up ...
         |    loading project file "Soutput.proj"
         |    loading materials file "../../../../../../OpenParEM2D/regression/global_materials.txt"
         |    loading mode definition file "Soutput_lines.txt"
         | Loading mesh and assigning materials ...
         |    loading MFEM mesh format
         | Frequency: 9e+09
         |    Using existing mesh ...
         |       mesh size: 11
         |       mesh worst element aspect ratio: 3.89711 < target: 5
         |       Solving ...
         |          matrix size: 897
         |          solving the eigenvalue problem ...
         |             using initial guess for the dominant eigenvalue
         |             number of iterations: 2
         |          post processing ...
         |          solve elapsed time: 0.518742 s
         |       Results:
         |          -------------------------------------------------------------------------------------------------------------------------
         |           mode     frequency           er,eff       alpha,dB/m  beta/1000,rad/m          beta/ko         Zo(real)         Zo(imag)
         |          -------------------------------------------------------------------------------------------------------------------------
         |           1            9e+09       0.46978408    1.7532205e-12        0.1292858       0.68540796        488.57237    7.0600065e-13
         |          -------------------------------------------------------------------------------------------------------------------------
         |       Finished
         |       cummulative elapsed time: 0.536908 s
         | Job Complete
         | Elapsed time: 0.537023 s
      building finite element spaces ...
      Driving S-port 1 ...
         solving E field in 3D volume ...
            using Cholesky preconditioner ...
               Converged: RTOL
         solving H field in 3D volume ...
            using Cholesky preconditioner ...
               Converged: RTOL
         post-processing ...
         calculating mesh errors ...
      Driving S-port 2 ...
         solving E field in 3D volume ...
            using Cholesky preconditioner ...
               Converged: RTOL
         solving H field in 3D volume ...
            using Cholesky preconditioner ...
               Converged: RTOL
         post-processing ...
         calculating mesh errors ...
         refining mesh ...
            INFO: Skipping Touchstone file output for non-renormalized data.
CUMMULATIVETIME,7,1015.6
   Iteration 8 ...
      mesh worst element aspect ratio: 13.0101 > target: 5
      mesh size: 784
      mesh edge length/wavelength in element: shortest=0.0762756 longest=0.766087
      solving 2D ports ...
         Port "input" ...
         | OpenParEM2D Copyright (C) 2024 Brian Young
         | 
         | This program comes with ABSOLUTELY NO WARRANTY.  This is free software,
         | and you are welcome to distribute it under certain conditions. To see
         | the full license, set
         |   output.show.license true
         | in the setup file.
         | 
         | Setting up ...
         |    loading project file "Sinput.proj"
         |    loading materials file "../../../../../../OpenParEM2D/regression/global_materials.txt"
         |    loading mode definition file "Sinput_lines.txt"
         | Loading mesh and assigning materials ...
         |    loading MFEM mesh format
         | Frequency: 9e+09
         |    Using existing mesh ...
         |       mesh size: 18
         |       mesh worst element aspect ratio: 3.89711 < target: 5
         |       Solving ...
         |          matrix size: 1443
         |          solving the eigenvalue problem ...
         |             using initial guess for the dominant eigenvalue
         |             number of iterations: 2
         |          post processing ...
         |          solve elapsed time: 0.736331 s
         |       Results:
         |          -------------------------------------------------------------------------------------------------------------------------
         |           mode     frequency           er,eff       alpha,dB/m  beta/1000,rad/m          beta/ko         Zo(real)         Zo(imag)
         |          -------------------------------------------------------------------------------------------------------------------------
         |           1            9e+09       0.46978408   -1.4391433e-12        0.1292858       0.68540796        488.57237   -6.0028116e-13
         |          -------------------------------------------------------------------------------------------------------------------------
         |       Finished
         |       cummulative elapsed time: 0.759016 s
         | Job Complete
         | Elapsed time: 0.759118 s
         Port "output" ...
         | OpenParEM2D Copyright (C) 2024 Brian Young
         | 
         | This program comes with ABSOLUTELY NO WARRANTY.  This is free software,
         | and you are welcome to distribute it under certain conditions. To see
         | the full license, set
         |   output.show.license true
         | in the setup file.
         | 
         | Setting up ...
         |    loading project file "Soutput.proj"
         |    loading materials file "../../../../../../OpenParEM2D/regression/global_materials.txt"
         |    loading mode definition file "Soutput_lines.txt"
         | Loading mesh and assigning materials ...
         |    loading MFEM mesh format
         | Frequency: 9e+09
         |    Using existing mesh ...
         |       mesh size: 11
         |       mesh worst element aspect ratio: 3.89711 < target: 5
         |       Solving ...
         |          matrix size: 897
         |          solving the eigenvalue problem ...
         |             using initial guess for the dominant eigenvalue
         |             number of iterations: 2
         |          post processing ...
         |          solve elapsed time: 0.517737 s
         |       Results:
         |          -------------------------------------------------------------------------------------------------------------------------
         |           mode     frequency           er,eff       alpha,dB/m  beta/1000,rad/m          beta/ko         Zo(real)         Zo(imag)
         |          -------------------------------------------------------------------------------------------------------------------------
         |           1            9e+09       0.46978408   -5.2132166e-13        0.1292858       0.68540796        488.57237    -2.928208e-13
         |          -------------------------------------------------------------------------------------------------------------------------
         |       Finished
         |       cummulative elapsed time: 0.535847 s
         | Job Complete
         | Elapsed time: 0.535962 s
      building finite element spaces ...
      Driving S-port 1 ...
         solving E field in 3D volume ...
            using Cholesky preconditioner ...
               Converged: RTOL
         solving H field in 3D volume ...
            using Cholesky preconditioner ...
               Converged: RTOL
         post-processing ...
         calculating mesh errors ...
      Driving S-port 2 ...
         solving E field in 3D volume ...
            using Cholesky preconditioner ...
               Converged: RTOL
         solving H field in 3D volume ...
            using Cholesky preconditioner ...
               Converged: RTOL
         post-processing ...
         calculating mesh errors ...
         refining mesh ...
            INFO: Skipping Touchstone file output for non-renormalized data.
CUMMULATIVETIME,8,1374.16
   Iteration 9 ...
      mesh worst element aspect ratio: 13.0101 > target: 5
      mesh size: 1029
      mesh edge length/wavelength in element: shortest=0.0381378 longest=0.766087
      solving 2D ports ...
         Port "input" ...
         | OpenParEM2D Copyright (C) 2024 Brian Young
         | 
         | This program comes with ABSOLUTELY NO WARRANTY.  This is free software,
         | and you are welcome to distribute it under certain conditions. To see
         | the full license, set
         |   output.show.license true
         | in the setup file.
         | 
         | Setting up ...
         |    loading project file "Sinput.proj"
         |    loading materials file "../../../../../../OpenParEM2D/regression/global_materials.txt"
         |    loading mode definition file "Sinput_lines.txt"
         | Loading mesh and assigning materials ...
         |    loading MFEM mesh format
         | Frequency: 9e+09
         |    Using existing mesh ...
         |       mesh size: 18
         |       mesh worst element aspect ratio: 3.89711 < target: 5
         |       Solving ...
         |          matrix size: 1443
         |          solving the eigenvalue problem ...
         |             using initial guess for the dominant eigenvalue
         |             number of iterations: 2
         |          post processing ...
         |          solve elapsed time: 0.804907 s
         |       Results:
         |          -------------------------------------------------------------------------------------------------------------------------
         |           mode     frequency           er,eff       alpha,dB/m  beta/1000,rad/m          beta/ko         Zo(real)         Zo(imag)
         |          -------------------------------------------------------------------------------------------------------------------------
         |           1            9e+09       0.46978408   -7.6184298e-13        0.1292858       0.68540796        488.57237   -3.0483465e-13
         |          -------------------------------------------------------------------------------------------------------------------------
         |       Finished
         |       cummulative elapsed time: 0.829441 s
         | Job Complete
         | Elapsed time: 0.829557 s
         Port "output" ...
         | OpenParEM2D Copyright (C) 2024 Brian Young
         | 
         | This program comes with ABSOLUTELY NO WARRANTY.  This is free software,
         | and you are welcome to distribute it under certain conditions. To see
         | the full license, set
         |   output.show.license true
         | in the setup file.
         | 
         | Setting up ...
         |    loading project file "Soutput.proj"
         |    loading materials file "../../../../../../OpenParEM2D/regression/global_materials.txt"
         |    loading mode definition file "Soutput_lines.txt"
         | Loading mesh and assigning materials ...
         |    loading MFEM mesh format
         | Frequency: 9e+09
         |    Using existing mesh ...
         |       mesh size: 18
         |       mesh worst element aspect ratio: 3.89711 < target: 5
         |       Solving ...
         |          matrix size: 1443
         |          solving the eigenvalue problem ...
         |             using initial guess for the dominant eigenvalue
         |             number of iterations: 2
         |          post processing ...
         |          solve elapsed time: 0.779009 s
         |       Results:
         |          -------------------------------------------------------------------------------------------------------------------------
         |           mode     frequency           er,eff       alpha,dB/m  beta/1000,rad/m          beta/ko         Zo(real)         Zo(imag)
         |          -------------------------------------------------------------------------------------------------------------------------
         |           1            9e+09       0.46978408   -1.6396672e-12        0.1292858       0.68540796        488.57237   -7.5875607e-13
         |          -------------------------------------------------------------------------------------------------------------------------
         |       Finished
         |       cummulative elapsed time: 0.804139 s
         | Job Complete
         | Elapsed time: 0.804257 s
      building finite element spaces ...
      Driving S-port 1 ...
         solving E field in 3D volume ...
            using Cholesky preconditioner ...
               Converged: RTOL
         solving H field in 3D volume ...
            using Cholesky preconditioner ...
               Converged: RTOL
         post-processing ...
         calculating mesh errors ...
      Driving S-port 2 ...
         solving E field in 3D volume ...
            using Cholesky preconditioner ...
               Converged: RTOL
         solving H field in 3D volume ...
            using Cholesky preconditioner ...
               Converged: RTOL
         post-processing ...
         calculating mesh errors ...
         refining mesh ...
            INFO: Skipping Touchstone file output for non-renormalized data.
CUMMULATIVETIME,9,1823.33
   Iteration 10 ...
      mesh worst element aspect ratio: 13.0101 > target: 5
      mesh size: 1483
      mesh edge length/wavelength in element: shortest=0.0381378 longest=0.766087
      solving 2D ports ...
         Port "input" ...
         | OpenParEM2D Copyright (C) 2024 Brian Young
         | 
         | This program comes with ABSOLUTELY NO WARRANTY.  This is free software,
         | and you are welcome to distribute it under certain conditions. To see
         | the full license, set
         |   output.show.license true
         | in the setup file.
         | 
         | Setting up ...
         |    loading project file "Sinput.proj"
         |    loading materials file "../../../../../../OpenParEM2D/regression/global_materials.txt"
         |    loading mode definition file "Sinput_lines.txt"
         | Loading mesh and assigning materials ...
         |    loading MFEM mesh format
         | Frequency: 9e+09
         |    Using existing mesh ...
         |       mesh size: 20
         |       mesh worst element aspect ratio: 3.89711 < target: 5
         |       Solving ...
         |          matrix size: 1597
         |          solving the eigenvalue problem ...
         |             using initial guess for the dominant eigenvalue
         |             number of iterations: 2
         |          post processing ...
         |          solve elapsed time: 0.794751 s
         |       Results:
         |          -------------------------------------------------------------------------------------------------------------------------
         |           mode     frequency           er,eff       alpha,dB/m  beta/1000,rad/m          beta/ko         Zo(real)         Zo(imag)
         |          -------------------------------------------------------------------------------------------------------------------------
         |           1            9e+09       0.46978408    3.4040073e-12        0.1292858       0.68540796        488.57237    1.5120222e-12
         |          -------------------------------------------------------------------------------------------------------------------------
         |       Finished
         |       cummulative elapsed time: 0.820208 s
         | Job Complete
         | Elapsed time: 0.820315 s
         Port "output" ...
         | OpenParEM2D Copyright (C) 2024 Brian Young
         | 
         | This program comes with ABSOLUTELY NO WARRANTY.  This is free software,
         | and you are welcome to distribute it under certain conditions. To see
         | the full license, set
         |   output.show.license true
         | in the setup file.
         | 
         | Setting up ...
         |    loading project file "Soutput.proj"
         |    loading materials file "../../../../../../OpenParEM2D/regression/global_materials.txt"
         |    loading mode definition file "Soutput_lines.txt"
         | Loading mesh and assigning materials ...
         |    loading MFEM mesh format
         | Frequency: 9e+09
         |    Using existing mesh ...
         |       mesh size: 23
         |       mesh worst element aspect ratio: 3.89711 < target: 5
         |       Solving ...
         |          matrix size: 1835
         |          solving the eigenvalue problem ...
         |             using initial guess for the dominant eigenvalue
         |             number of iterations: 2
         |          post processing ...
         |          solve elapsed time: 1.09594 s
         |       Results:
         |          -------------------------------------------------------------------------------------------------------------------------
         |           mode     frequency           er,eff       alpha,dB/m  beta/1000,rad/m          beta/ko         Zo(real)         Zo(imag)
         |          -------------------------------------------------------------------------------------------------------------------------
         |           1            9e+09       0.46978408    8.1210879e-14        0.1292858       0.68540796        488.57237   -1.9800554e-14
         |          -------------------------------------------------------------------------------------------------------------------------
         |       Finished
         |       cummulative elapsed time: 1.12924 s
         | Job Complete
         | Elapsed time: 1.12938 s
      building finite element spaces ...
      Driving S-port 1 ...
         solving E field in 3D volume ...
            using Cholesky preconditioner ...
               Converged: RTOL
         solving H field in 3D volume ...
            using Cholesky preconditioner ...
               Converged: RTOL
         post-processing ...
         calculating mesh errors ...
      Driving S-port 2 ...
         solving E field in 3D volume ...
            using Cholesky preconditioner ...
               Converged: RTOL
         solving H field in 3D volume ...
            using Cholesky preconditioner ...
               Converged: RTOL
         post-processing ...
         calculating mesh errors ...
         refining mesh ...
            INFO: Skipping Touchstone file output for non-renormalized data.
CUMMULATIVETIME,10,2467.94
   Iteration 11 ...
      mesh worst element aspect ratio: 13.0101 > target: 5
      mesh size: 1951
      mesh edge length/wavelength in element: shortest=0.0381378 longest=0.766087
      solving 2D ports ...
         Port "input" ...
         | OpenParEM2D Copyright (C) 2024 Brian Young
         | 
         | This program comes with ABSOLUTELY NO WARRANTY.  This is free software,
         | and you are welcome to distribute it under certain conditions. To see
         | the full license, set
         |   output.show.license true
         | in the setup file.
         | 
         | Setting up ...
         |    loading project file "Sinput.proj"
         |    loading materials file "../../../../../../OpenParEM2D/regression/global_materials.txt"
         |    loading mode definition file "Sinput_lines.txt"
         | Loading mesh and assigning materials ...
         |    loading MFEM mesh format
         | Frequency: 9e+09
         |    Using existing mesh ...
         |       mesh size: 26
         |       mesh worst element aspect ratio: 3.89711 < target: 5
         |       Solving ...
         |          matrix size: 2073
         |          solving the eigenvalue problem ...
         |             using initial guess for the dominant eigenvalue
         |             number of iterations: 2
         |          post processing ...
         |          solve elapsed time: 1.04496 s
         |       Results:
         |          -------------------------------------------------------------------------------------------------------------------------
         |           mode     frequency           er,eff       alpha,dB/m  beta/1000,rad/m          beta/ko         Zo(real)         Zo(imag)
         |          -------------------------------------------------------------------------------------------------------------------------
         |           1            9e+09       0.46978408    1.7598965e-12        0.1292858       0.68540796        488.57237    7.4054975e-13
         |          -------------------------------------------------------------------------------------------------------------------------
         |       Finished
         |       cummulative elapsed time: 1.07812 s
         | Job Complete
         | Elapsed time: 1.07825 s
         Port "output" ...
         | OpenParEM2D Copyright (C) 2024 Brian Young
         | 
         | This program comes with ABSOLUTELY NO WARRANTY.  This is free software,
         | and you are welcome to distribute it under certain conditions. To see
         | the full license, set
         |   output.show.license true
         | in the setup file.
         | 
         | Setting up ...
         |    loading project file "Soutput.proj"
         |    loading materials file "../../../../../../OpenParEM2D/regression/global_materials.txt"
         |    loading mode definition file "Soutput_lines.txt"
         | Loading mesh and assigning materials ...
         |    loading MFEM mesh format
         | Frequency: 9e+09
         |    Using existing mesh ...
         |       mesh size: 41
         |       mesh worst element aspect ratio: 3.89711 < target: 5
         |       Solving ...
         |          matrix size: 3249
         |          solving the eigenvalue problem ...
         |             using initial guess for the dominant eigenvalue
         |             number of iterations: 2
         |          post processing ...
         |          solve elapsed time: 1.59411 s
         |       Results:
         |          -------------------------------------------------------------------------------------------------------------------------
         |           mode     frequency           er,eff       alpha,dB/m  beta/1000,rad/m          beta/ko         Zo(real)         Zo(imag)
         |          -------------------------------------------------------------------------------------------------------------------------
         |           1            9e+09       0.46978408   -1.0732471e-11        0.1292858       0.68540796        488.57237     -4.71068e-12
         |          -------------------------------------------------------------------------------------------------------------------------
         |       Finished
         |       cummulative elapsed time: 1.64354 s
         | Job Complete
         | Elapsed time: 1.64367 s
      building finite element spaces ...
      Driving S-port 1 ...
         solving E field in 3D volume ...
            using Cholesky preconditioner ...
               Converged: RTOL
         solving H field in 3D volume ...
            using Cholesky preconditioner ...
               Converged: RTOL
         post-processing ...
         calculating mesh errors ...
      Driving S-port 2 ...
         solving E field in 3D volume ...
            using Cholesky preconditioner ...
               Converged: RTOL
         solving H field in 3D volume ...
            using Cholesky preconditioner ...
               Converged: RTOL
         post-processing ...
         calculating mesh errors ...
         refining mesh ...
            INFO: Skipping Touchstone file output for non-renormalized data.
CUMMULATIVETIME,11,3338.55
   Iteration 12 ...
      mesh worst element aspect ratio: 13.0101 > target: 5
      mesh size: 2464
      mesh edge length/wavelength in element: shortest=0.0381378 longest=0.750744
      solving 2D ports ...
         Port "input" ...
         | OpenParEM2D Copyright (C) 2024 Brian Young
         | 
         | This program comes with ABSOLUTELY NO WARRANTY.  This is free software,
         | and you are welcome to distribute it under certain conditions. To see
         | the full license, set
         |   output.show.license true
         | in the setup file.
         | 
         | Setting up ...
         |    loading project file "Sinput.proj"
         |    loading materials file "../../../../../../OpenParEM2D/regression/global_materials.txt"
         |    loading mode definition file "Sinput_lines.txt"
         | Loading mesh and assigning materials ...
         |    loading MFEM mesh format
         | Frequency: 9e+09
         |    Using existing mesh ...
         |       mesh size: 26
         |       mesh worst element aspect ratio: 3.89711 < target: 5
         |       Solving ...
         |          matrix size: 2073
         |          solving the eigenvalue problem ...
         |             using initial guess for the dominant eigenvalue
         |             number of iterations: 2
         |          post processing ...
         |          solve elapsed time: 1.01708 s
         |       Results:
         |          -------------------------------------------------------------------------------------------------------------------------
         |           mode     frequency           er,eff       alpha,dB/m  beta/1000,rad/m          beta/ko         Zo(real)         Zo(imag)
         |          -------------------------------------------------------------------------------------------------------------------------
         |           1            9e+09       0.46978408    7.8752677e-13        0.1292858       0.68540796        488.57237    2.9674502e-13
         |          -------------------------------------------------------------------------------------------------------------------------
         |       Finished
         |       cummulative elapsed time: 1.05006 s
         | Job Complete
         | Elapsed time: 1.05019 s
         Port "output" ...
         | OpenParEM2D Copyright (C) 2024 Brian Young
         | 
         | This program comes with ABSOLUTELY NO WARRANTY.  This is free software,
         | and you are welcome to distribute it under certain conditions. To see
         | the full license, set
         |   output.show.license true
         | in the setup file.
         | 
         | Setting up ...
         |    loading project file "Soutput.proj"
         |    loading materials file "../../../../../../OpenParEM2D/regression/global_materials.txt"
         |    loading mode definition file "Soutput_lines.txt"
         | Loading mesh and assigning materials ...
         |    loading MFEM mesh format
         | Frequency: 9e+09
         |    Using existing mesh ...
         |       mesh size: 41
         |       mesh worst element aspect ratio: 3.89711 < target: 5
         |       Solving ...
         |          matrix size: 3249
         |          solving the eigenvalue problem ...
         |             using initial guess for the dominant eigenvalue
         |             number of iterations: 2
         |          post processing ...
         |          solve elapsed time: 1.57421 s
         |       Results:
         |          -------------------------------------------------------------------------------------------------------------------------
         |           mode     frequency           er,eff       alpha,dB/m  beta/1000,rad/m          beta/ko         Zo(real)         Zo(imag)
         |          -------------------------------------------------------------------------------------------------------------------------
         |           1            9e+09       0.46978408    1.0317641e-11        0.1292858       0.68540796        488.57237    4.4686511e-12
         |          -------------------------------------------------------------------------------------------------------------------------
         |       Finished
         |       cummulative elapsed time: 1.61644 s
         | Job Complete
         | Elapsed time: 1.61656 s
      building finite element spaces ...
      Driving S-port 1 ...
         solving E field in 3D volume ...
            using Cholesky preconditioner ...
               Converged: RTOL
         solving H field in 3D volume ...
            using Cholesky preconditioner ...
               Converged: RTOL
         post-processing ...
         calculating mesh errors ...
      Driving S-port 2 ...
         solving E field in 3D volume ...
            using Cholesky preconditioner ...
               Converged: RTOL
         solving H field in 3D volume ...
            using Cholesky preconditioner ...
               Converged: RTOL
         post-processing ...
         calculating mesh errors ...
         refining mesh ...
            INFO: Skipping Touchstone file output for non-renormalized data.
CUMMULATIVETIME,12,4411.09
   Iteration 13 ...
      mesh worst element aspect ratio: 13.0101 > target: 5
      mesh size: 3109
      mesh edge length/wavelength in element: shortest=0.0190689 longest=0.750744
      solving 2D ports ...
         Port "input" ...
         | OpenParEM2D Copyright (C) 2024 Brian Young
         | 
         | This program comes with ABSOLUTELY NO WARRANTY.  This is free software,
         | and you are welcome to distribute it under certain conditions. To see
         | the full license, set
         |   output.show.license true
         | in the setup file.
         | 
         | Setting up ...
         |    loading project file "Sinput.proj"
         |    loading materials file "../../../../../../OpenParEM2D/regression/global_materials.txt"
         |    loading mode definition file "Sinput_lines.txt"
         | Loading mesh and assigning materials ...
         |    loading MFEM mesh format
         | Frequency: 9e+09
         |    Using existing mesh ...
         |       mesh size: 26
         |       mesh worst element aspect ratio: 3.89711 < target: 5
         |       Solving ...
         |          matrix size: 2073
         |          solving the eigenvalue problem ...
         |             using initial guess for the dominant eigenvalue
         |             number of iterations: 2
         |          post processing ...
         |          solve elapsed time: 1.01755 s
         |       Results:
         |          -------------------------------------------------------------------------------------------------------------------------
         |           mode     frequency           er,eff       alpha,dB/m  beta/1000,rad/m          beta/ko         Zo(real)         Zo(imag)
         |          -------------------------------------------------------------------------------------------------------------------------
         |           1            9e+09       0.46978408   -4.8723911e-11        0.1292858       0.68540796        488.57237   -2.1210744e-11
         |          -------------------------------------------------------------------------------------------------------------------------
         |       Finished
         |       cummulative elapsed time: 1.05092 s
         | Job Complete
         | Elapsed time: 1.05106 s
         Port "output" ...
         | OpenParEM2D Copyright (C) 2024 Brian Young
         | 
         | This program comes with ABSOLUTELY NO WARRANTY.  This is free software,
         | and you are welcome to distribute it under certain conditions. To see
         | the full license, set
         |   output.show.license true
         | in the setup file.
         | 
         | Setting up ...
         |    loading project file "Soutput.proj"
         |    loading materials file "../../../../../../OpenParEM2D/regression/global_materials.txt"
         |    loading mode definition file "Soutput_lines.txt"
         | Loading mesh and assigning materials ...
         |    loading MFEM mesh format
         | Frequency: 9e+09
         |    Using existing mesh ...
         |       mesh size: 45
         |       mesh worst element aspect ratio: 3.89711 < target: 5
         |       Solving ...
         |          matrix size: 3557
         |          solving the eigenvalue problem ...
         |             using initial guess for the dominant eigenvalue
         |             number of iterations: 2
         |          post processing ...
         |          solve elapsed time: 1.64971 s
         |       Results:
         |          -------------------------------------------------------------------------------------------------------------------------
         |           mode     frequency           er,eff       alpha,dB/m  beta/1000,rad/m          beta/ko         Zo(real)         Zo(imag)
         |          -------------------------------------------------------------------------------------------------------------------------
         |           1            9e+09       0.46978408    4.8433583e-12        0.1292858       0.68540796        488.57237    2.1594531e-12
         |          -------------------------------------------------------------------------------------------------------------------------
         |       Finished
         |       cummulative elapsed time: 1.69827 s
         | Job Complete
         | Elapsed time: 1.69839 s
      building finite element spaces ...
      Driving S-port 1 ...
         solving E field in 3D volume ...
            using Cholesky preconditioner ...
               Converged: RTOL
         solving H field in 3D volume ...
            using Cholesky preconditioner ...
               Converged: RTOL
         post-processing ...
         calculating mesh errors ...
      Driving S-port 2 ...
         solving E field in 3D volume ...
            using Cholesky preconditioner ...
               Converged: RTOL
         solving H field in 3D volume ...
            using Cholesky preconditioner ...
               Converged: RTOL
         post-processing ...
         calculating mesh errors ...
         refining mesh ...
            INFO: Skipping Touchstone file output for non-renormalized data.
CUMMULATIVETIME,13,5932.75
   Iteration 14 ...
      mesh worst element aspect ratio: 13.0101 > target: 5
      mesh size: 4038
      mesh edge length/wavelength in element: shortest=0.0190689 longest=0.750744
      solving 2D ports ...
         Port "input" ...
         | OpenParEM2D Copyright (C) 2024 Brian Young
         | 
         | This program comes with ABSOLUTELY NO WARRANTY.  This is free software,
         | and you are welcome to distribute it under certain conditions. To see
         | the full license, set
         |   output.show.license true
         | in the setup file.
         | 
         | Setting up ...
         |    loading project file "Sinput.proj"
         |    loading materials file "../../../../../../OpenParEM2D/regression/global_materials.txt"
         |    loading mode definition file "Sinput_lines.txt"
         | Loading mesh and assigning materials ...
         |    loading MFEM mesh format
         | Frequency: 9e+09
         |    Using existing mesh ...
         |       mesh size: 59
         |       mesh worst element aspect ratio: 3.89711 < target: 5
         |       Solving ...
         |          matrix size: 4621
         |          solving the eigenvalue problem ...
         |             using initial guess for the dominant eigenvalue
         |             number of iterations: 2
         |          post processing ...
         |          solve elapsed time: 2.22883 s
         |       Results:
         |          -------------------------------------------------------------------------------------------------------------------------
         |           mode     frequency           er,eff       alpha,dB/m  beta/1000,rad/m          beta/ko         Zo(real)         Zo(imag)
         |          -------------------------------------------------------------------------------------------------------------------------
         |           1            9e+09       0.46978408    1.4871886e-13        0.1292858       0.68540796        488.57237    9.8764347e-14
         |          -------------------------------------------------------------------------------------------------------------------------
         |       Finished
         |       cummulative elapsed time: 2.28592 s
         | Job Complete
         | Elapsed time: 2.28605 s
         Port "output" ...
         | OpenParEM2D Copyright (C) 2024 Brian Young
         | 
         | This program comes with ABSOLUTELY NO WARRANTY.  This is free software,
         | and you are welcome to distribute it under certain conditions. To see
         | the full license, set
         |   output.show.license true
         | in the setup file.
         | 
         | Setting up ...
         |    loading project file "Soutput.proj"
         |    loading materials file "../../../../../../OpenParEM2D/regression/global_materials.txt"
         |    loading mode definition file "Soutput_lines.txt"
         | Loading mesh and assigning materials ...
         |    loading MFEM mesh format
         | Frequency: 9e+09
         |    Using existing mesh ...
         |       mesh size: 45
         |       mesh worst element aspect ratio: 3.89711 < target: 5
         |       Solving ...
         |          matrix size: 3557
         |          solving the eigenvalue problem ...
         |             using initial guess for the dominant eigenvalue
         |             number of iterations: 2
         |          post processing ...
         |          solve elapsed time: 1.7083 s
         |       Results:
         |          -------------------------------------------------------------------------------------------------------------------------
         |           mode     frequency           er,eff       alpha,dB/m  beta/1000,rad/m          beta/ko         Zo(real)         Zo(imag)
         |          -------------------------------------------------------------------------------------------------------------------------
         |           1            9e+09       0.46978408    2.3150695e-12        0.1292858       0.68540796        488.57237    1.0033514e-12
         |          -------------------------------------------------------------------------------------------------------------------------
         |       Finished
         |       cummulative elapsed time: 1.75908 s
         | Job Complete
         | Elapsed time: 1.75921 s
      building finite element spaces ...
      Driving S-port 1 ...
         solving E field in 3D volume ...
            using Cholesky preconditioner ...
               Converged: RTOL
         solving H field in 3D volume ...
            using Cholesky preconditioner ...
               Converged: RTOL
         post-processing ...
         calculating mesh errors ...
      Driving S-port 2 ...
         solving E field in 3D volume ...
            using Cholesky preconditioner ...
               Converged: RTOL
         solving H field in 3D volume ...
            using Cholesky preconditioner ...
               Converged: RTOL
         post-processing ...
         calculating mesh errors ...
         refining mesh ...
            INFO: Skipping Touchstone file output for non-renormalized data.
CUMMULATIVETIME,14,8339.66
   Iteration 15 ...
      mesh worst element aspect ratio: 13.0101 > target: 5
      mesh size: 5001
      mesh edge length/wavelength in element: shortest=0.0190689 longest=0.514331
      solving 2D ports ...
         Port "input" ...
         | OpenParEM2D Copyright (C) 2024 Brian Young
         | 
         | This program comes with ABSOLUTELY NO WARRANTY.  This is free software,
         | and you are welcome to distribute it under certain conditions. To see
         | the full license, set
         |   output.show.license true
         | in the setup file.
         | 
         | Setting up ...
         |    loading project file "Sinput.proj"
         |    loading materials file "../../../../../../OpenParEM2D/regression/global_materials.txt"
         |    loading mode definition file "Sinput_lines.txt"
         | Loading mesh and assigning materials ...
         |    loading MFEM mesh format
         | Frequency: 9e+09
         |    Using existing mesh ...
         |       mesh size: 70
         |       mesh worst element aspect ratio: 3.89711 < target: 5
         |       Solving ...
         |          matrix size: 5475
         |          solving the eigenvalue problem ...
         |             using initial guess for the dominant eigenvalue
         |             number of iterations: 2
         |          post processing ...
         |          solve elapsed time: 2.47613 s
         |       Results:
         |          -------------------------------------------------------------------------------------------------------------------------
         |           mode     frequency           er,eff       alpha,dB/m  beta/1000,rad/m          beta/ko         Zo(real)         Zo(imag)
         |          -------------------------------------------------------------------------------------------------------------------------
         |           1            9e+09       0.46978408    7.9574107e-13        0.1292858       0.68540796        488.57237     3.030657e-13
         |          -------------------------------------------------------------------------------------------------------------------------
         |       Finished
         |       cummulative elapsed time: 2.54191 s
         | Job Complete
         | Elapsed time: 2.54203 s
         Port "output" ...
         | OpenParEM2D Copyright (C) 2024 Brian Young
         | 
         | This program comes with ABSOLUTELY NO WARRANTY.  This is free software,
         | and you are welcome to distribute it under certain conditions. To see
         | the full license, set
         |   output.show.license true
         | in the setup file.
         | 
         | Setting up ...
         |    loading project file "Soutput.proj"
         |    loading materials file "../../../../../../OpenParEM2D/regression/global_materials.txt"
         |    loading mode definition file "Soutput_lines.txt"
         | Loading mesh and assigning materials ...
         |    loading MFEM mesh format
         | Frequency: 9e+09
         |    Using existing mesh ...
         |       mesh size: 68
         |       mesh worst element aspect ratio: 3.89711 < target: 5
         |       Solving ...
         |          matrix size: 5335
         |          solving the eigenvalue problem ...
         |             using initial guess for the dominant eigenvalue
         |             number of iterations: 2
         |          post processing ...
         |          solve elapsed time: 2.45211 s
         |       Results:
         |          -------------------------------------------------------------------------------------------------------------------------
         |           mode     frequency           er,eff       alpha,dB/m  beta/1000,rad/m          beta/ko         Zo(real)         Zo(imag)
         |          -------------------------------------------------------------------------------------------------------------------------
         |           1            9e+09       0.46978408    2.7555684e-12        0.1292858       0.68540796        488.57237    1.2088673e-12
         |          -------------------------------------------------------------------------------------------------------------------------
         |       Finished
         |       cummulative elapsed time: 2.51606 s
         | Job Complete
         | Elapsed time: 2.51618 s
      building finite element spaces ...
      Driving S-port 1 ...
         solving E field in 3D volume ...
            using Cholesky preconditioner ...
               Converged: RTOL
         solving H field in 3D volume ...
            using Cholesky preconditioner ...
               Converged: RTOL
         post-processing ...
         calculating mesh errors ...
      Driving S-port 2 ...
         solving E field in 3D volume ...
            using Cholesky preconditioner ...
               Converged: RTOL
         solving H field in 3D volume ...
            using Cholesky preconditioner ...
               Converged: RTOL
         post-processing ...
         calculating mesh errors ...
         refining mesh ...
            INFO: Skipping Touchstone file output for non-renormalized data.
CUMMULATIVETIME,15,10992
   Iteration 16 ...
      mesh worst element aspect ratio: 13.0101 > target: 5
      mesh size: 6415
      mesh edge length/wavelength in element: shortest=0.0190689 longest=0.419733
      solving 2D ports ...
         Port "input" ...
         | OpenParEM2D Copyright (C) 2024 Brian Young
         | 
         | This program comes with ABSOLUTELY NO WARRANTY.  This is free software,
         | and you are welcome to distribute it under certain conditions. To see
         | the full license, set
         |   output.show.license true
         | in the setup file.
         | 
         | Setting up ...
         |    loading project file "Sinput.proj"
         |    loading materials file "../../../../../../OpenParEM2D/regression/global_materials.txt"
         |    loading mode definition file "Sinput_lines.txt"
         | Loading mesh and assigning materials ...
         |    loading MFEM mesh format
         | Frequency: 9e+09
         |    Using existing mesh ...
         |       mesh size: 70
         |       mesh worst element aspect ratio: 3.89711 < target: 5
         |       Solving ...
         |          matrix size: 5475
         |          solving the eigenvalue problem ...
         |             using initial guess for the dominant eigenvalue
         |             number of iterations: 2
         |          post processing ...
         |          solve elapsed time: 2.47246 s
         |       Results:
         |          -------------------------------------------------------------------------------------------------------------------------
         |           mode     frequency           er,eff       alpha,dB/m  beta/1000,rad/m          beta/ko         Zo(real)         Zo(imag)
         |          -------------------------------------------------------------------------------------------------------------------------
         |           1            9e+09       0.46978408   -2.0429944e-13        0.1292858       0.68540796        488.57237   -1.2490039e-13
         |          -------------------------------------------------------------------------------------------------------------------------
         |       Finished
         |       cummulative elapsed time: 2.53867 s
         | Job Complete
         | Elapsed time: 2.5388 s
         Port "output" ...
         | OpenParEM2D Copyright (C) 2024 Brian Young
         | 
         | This program comes with ABSOLUTELY NO WARRANTY.  This is free software,
         | and you are welcome to distribute it under certain conditions. To see
         | the full license, set
         |   output.show.license true
         | in the setup file.
         | 
         | Setting up ...
         |    loading project file "Soutput.proj"
         |    loading materials file "../../../../../../OpenParEM2D/regression/global_materials.txt"
         |    loading mode definition file "Soutput_lines.txt"
         | Loading mesh and assigning materials ...
         |    loading MFEM mesh format
         | Frequency: 9e+09
         |    Using existing mesh ...
         |       mesh size: 78
         |       mesh worst element aspect ratio: 3.89711 < target: 5
         |       Solving ...
         |          matrix size: 6105
         |          solving the eigenvalue problem ...
         |             using initial guess for the dominant eigenvalue
         |             number of iterations: 2
         |          post processing ...
         |          solve elapsed time: 2.85283 s
         |       Results:
         |          -------------------------------------------------------------------------------------------------------------------------
         |           mode     frequency           er,eff       alpha,dB/m  beta/1000,rad/m          beta/ko         Zo(real)         Zo(imag)
         |          -------------------------------------------------------------------------------------------------------------------------
         |           1            9e+09       0.46978408   -4.4714326e-13        0.1292858       0.68540796        488.57237    -2.222221e-13
         |          -------------------------------------------------------------------------------------------------------------------------
         |       Finished
         |       cummulative elapsed time: 2.92618 s
         | Job Complete
         | Elapsed time: 2.9263 s
      building finite element spaces ...
      Driving S-port 1 ...
         solving E field in 3D volume ...
            using Cholesky preconditioner ...
               Converged: RTOL
         solving H field in 3D volume ...
            using Cholesky preconditioner ...
               Converged: RTOL
         post-processing ...
         calculating mesh errors ...
      Driving S-port 2 ...
         solving E field in 3D volume ...
            using Cholesky preconditioner ...
               Converged: RTOL
         solving H field in 3D volume ...
            using Cholesky preconditioner ...
               Converged: RTOL
         post-processing ...
         calculating mesh errors ...
         refining mesh ...
            INFO: Skipping Touchstone file output for non-renormalized data.
CUMMULATIVETIME,16,14914.9
   Iteration 17 ...
      mesh worst element aspect ratio: 13.0101 > target: 5
      mesh size: 8885
      mesh edge length/wavelength in element: shortest=0.00953445 longest=0.419733
      solving 2D ports ...
         Port "input" ...
         | OpenParEM2D Copyright (C) 2024 Brian Young
         | 
         | This program comes with ABSOLUTELY NO WARRANTY.  This is free software,
         | and you are welcome to distribute it under certain conditions. To see
         | the full license, set
         |   output.show.license true
         | in the setup file.
         | 
         | Setting up ...
         |    loading project file "Sinput.proj"
         |    loading materials file "../../../../../../OpenParEM2D/regression/global_materials.txt"
         |    loading mode definition file "Sinput_lines.txt"
         | Loading mesh and assigning materials ...
         |    loading MFEM mesh format
         | Frequency: 9e+09
         |    Using existing mesh ...
         |       mesh size: 71
         |       mesh worst element aspect ratio: 3.89711 < target: 5
         |       Solving ...
         |          matrix size: 5559
         |          solving the eigenvalue problem ...
         |             using initial guess for the dominant eigenvalue
         |             number of iterations: 2
         |          post processing ...
         |          solve elapsed time: 2.55881 s
         |       Results:
         |          -------------------------------------------------------------------------------------------------------------------------
         |           mode     frequency           er,eff       alpha,dB/m  beta/1000,rad/m          beta/ko         Zo(real)         Zo(imag)
         |          -------------------------------------------------------------------------------------------------------------------------
         |           1            9e+09       0.46978408    6.6444724e-13        0.1292858       0.68540796        488.57237     2.801273e-13
         |          -------------------------------------------------------------------------------------------------------------------------
         |       Finished
         |       cummulative elapsed time: 2.62601 s
         | Job Complete
         | Elapsed time: 2.62614 s
         Port "output" ...
         | OpenParEM2D Copyright (C) 2024 Brian Young
         | 
         | This program comes with ABSOLUTELY NO WARRANTY.  This is free software,
         | and you are welcome to distribute it under certain conditions. To see
         | the full license, set
         |   output.show.license true
         | in the setup file.
         | 
         | Setting up ...
         |    loading project file "Soutput.proj"
         |    loading materials file "../../../../../../OpenParEM2D/regression/global_materials.txt"
         |    loading mode definition file "Soutput_lines.txt"
         | Loading mesh and assigning materials ...
         |    loading MFEM mesh format
         | Frequency: 9e+09
         |    Using existing mesh ...
         |       mesh size: 80
         |       mesh worst element aspect ratio: 3.89711 < target: 5
         |       Solving ...
         |          matrix size: 6259
         |          solving the eigenvalue problem ...
         |             using initial guess for the dominant eigenvalue
         |             number of iterations: 2
         |          post processing ...
         |          solve elapsed time: 2.83827 s
         |       Results:
         |          -------------------------------------------------------------------------------------------------------------------------
         |           mode     frequency           er,eff       alpha,dB/m  beta/1000,rad/m          beta/ko         Zo(real)         Zo(imag)
         |          -------------------------------------------------------------------------------------------------------------------------
         |           1            9e+09       0.46978408   -2.7522426e-13        0.1292858       0.68540796        488.57237    -9.066642e-14
         |          -------------------------------------------------------------------------------------------------------------------------
         |       Finished
         |       cummulative elapsed time: 2.9174 s
         | Job Complete
         | Elapsed time: 2.91752 s
      building finite element spaces ...
      Driving S-port 1 ...
         solving E field in 3D volume ...
            using Cholesky preconditioner ...
--------------------------------------------------------------------------
Primary job  terminated normally, but 1 process returned
a non-zero exit code. Per user-direction, the job has been aborted.
--------------------------------------------------------------------------
--------------------------------------------------------------------------
mpirun noticed that process rank 0 with PID 0 on node Precision-T7920 exited on signal 9 (Killed).
--------------------------------------------------------------------------
