Invalid MIT-MAGIC-COOKIE-1 keyOpenParEM3D Copyright (C) 2024 Brian Young

This program comes with ABSOLUTELY NO WARRANTY.  This is free software,
and you are welcome to distribute it under certain conditions. To see
the full license, set
  output.show.license true
in the setup file.

Setting up ...
   loading project file "straight_order_12.proj"
      Warning: Value at line 8 is large.
   loading materials file "../../../../OpenParEM2D/regression/global_materials.txt"
Loading mesh and assigning materials ...
   loading gmsh mesh format
   loading port definition file "straight_ports.txt"
*******************************************************************************************************************************************************
 Frequency: 9e+09
*******************************************************************************************************************************************************
Mesh::GeneratePartitioning(...): METIS returned 2 empty parts! Applying a simple fix ...
   Refining mesh starting with the initial mesh.
   Iteration 1 ...
      mesh worst element aspect ratio: 6.11284 > target: 5
      mesh size: 30
      mesh edge length/wavelength in element: shortest=0.305102 longest=1.53217
      solving 2D ports ...
         Port "input" ...
         | OpenParEM2D Copyright (C) 2024 Brian Young
         | 
         | This program comes with ABSOLUTELY NO WARRANTY.  This is free software,
         | and you are welcome to distribute it under certain conditions. To see
         | the full license, set
         |   output.show.license true
         | in the setup file.
         | 
         | Setting up ...
         |    loading project file "Sinput.proj"
         |    loading materials file "../../../../../../OpenParEM2D/regression/global_materials.txt"
         |    loading mode definition file "Sinput_lines.txt"
         | Loading mesh and assigning materials ...
         |    loading MFEM mesh format
         | Frequency: 9e+09
         |    Using existing mesh ...
         |       mesh size: 4
         |       mesh worst element aspect ratio: 3.89711 < target: 5
         |       Solving ...
         |          matrix size: 937
         |          solving the eigenvalue problem ...
         |             number of iterations: 126
         |          post processing ...
         |            Hfield NOT CONVERGED         |          solve elapsed time: 2.74296 s
         |       Results:
         |          -------------------------------------------------------------------------------------------------------------------------
         |           mode     frequency           er,eff       alpha,dB/m  beta/1000,rad/m          beta/ko         Zo(real)         Zo(imag)
         |          -------------------------------------------------------------------------------------------------------------------------
         |           1            9e+09       0.46978408    3.8054641e-10        0.1292858       0.68540796        488.57237    2.2782465e-10
         |          -------------------------------------------------------------------------------------------------------------------------
         |       Finished
         |       cummulative elapsed time: 2.77767 s
         | Job Complete
         | Elapsed time: 2.77783 s
         Port "output" ...
         | OpenParEM2D Copyright (C) 2024 Brian Young
         | 
         | This program comes with ABSOLUTELY NO WARRANTY.  This is free software,
         | and you are welcome to distribute it under certain conditions. To see
         | the full license, set
         |   output.show.license true
         | in the setup file.
         | 
         | Setting up ...
         |    loading project file "Soutput.proj"
         |    loading materials file "../../../../../../OpenParEM2D/regression/global_materials.txt"
         |    loading mode definition file "Soutput_lines.txt"
         | Loading mesh and assigning materials ...
         |    loading MFEM mesh format
         | Frequency: 9e+09
         |    Using existing mesh ...
         |       mesh size: 4
         |       mesh worst element aspect ratio: 3.89711 < target: 5
         |       Solving ...
         |          matrix size: 937
         |          solving the eigenvalue problem ...
         |             number of iterations: 170
         |          post processing ...
         |            Hfield NOT CONVERGED         |          solve elapsed time: 2.96135 s
         |       Results:
         |          -------------------------------------------------------------------------------------------------------------------------
         |           mode     frequency           er,eff       alpha,dB/m  beta/1000,rad/m          beta/ko         Zo(real)         Zo(imag)
         |          -------------------------------------------------------------------------------------------------------------------------
         |           1            9e+09       0.46978408    2.1846391e-09        0.1292858       0.68540796        488.57237    1.3192965e-09
         |          -------------------------------------------------------------------------------------------------------------------------
         |       Finished
         |       cummulative elapsed time: 2.99151 s
         | Job Complete
         | Elapsed time: 2.9917 s
      building finite element spaces ...
      Driving S-port 1 ...
         solving E field in 3D volume ...
            using Cholesky preconditioner ...
               Converged: RTOL
         solving H field in 3D volume ...
            using Cholesky preconditioner ...
               Converged: RTOL
         post-processing ...
         calculating mesh errors ...
      Driving S-port 2 ...
         solving E field in 3D volume ...
            using Cholesky preconditioner ...
               Converged: RTOL
         solving H field in 3D volume ...
            using Cholesky preconditioner ...
               Converged: RTOL
         post-processing ...
         calculating mesh errors ...
         refining mesh ...
            INFO: Skipping Touchstone file output for non-renormalized data.
CUMMULATIVETIME,1,1753.36
   Iteration 2 ...
      mesh worst element aspect ratio: 6.4349 > target: 5
      mesh size: 84
      mesh edge length/wavelength in element: shortest=0.152551 longest=1.53217
      solving 2D ports ...
         Port "input" ...
         | OpenParEM2D Copyright (C) 2024 Brian Young
         | 
         | This program comes with ABSOLUTELY NO WARRANTY.  This is free software,
         | and you are welcome to distribute it under certain conditions. To see
         | the full license, set
         |   output.show.license true
         | in the setup file.
         | 
         | Setting up ...
         |    loading project file "Sinput.proj"
         |    loading materials file "../../../../../../OpenParEM2D/regression/global_materials.txt"
         |    loading mode definition file "Sinput_lines.txt"
         | Loading mesh and assigning materials ...
         |    loading MFEM mesh format
         | Frequency: 9e+09
         |    Using existing mesh ...
         |       mesh size: 4
         |       mesh worst element aspect ratio: 3.89711 < target: 5
         |       Solving ...
         |          matrix size: 937
         |          solving the eigenvalue problem ...
         |             using initial guess for the dominant eigenvalue
         |             number of iterations: 2
         |          post processing ...
         |            Hfield NOT CONVERGED         |          solve elapsed time: 1.69495 s
         |       Results:
         |          -------------------------------------------------------------------------------------------------------------------------
         |           mode     frequency           er,eff       alpha,dB/m  beta/1000,rad/m          beta/ko         Zo(real)         Zo(imag)
         |          -------------------------------------------------------------------------------------------------------------------------
         |           1            9e+09       0.46978408   -1.6414821e-12        0.1292858       0.68540796        488.57237   -3.9705907e-10
         |          -------------------------------------------------------------------------------------------------------------------------
         |       Finished
         |       cummulative elapsed time: 1.73112 s
         | Job Complete
         | Elapsed time: 1.73132 s
         Port "output" ...
         | OpenParEM2D Copyright (C) 2024 Brian Young
         | 
         | This program comes with ABSOLUTELY NO WARRANTY.  This is free software,
         | and you are welcome to distribute it under certain conditions. To see
         | the full license, set
         |   output.show.license true
         | in the setup file.
         | 
         | Setting up ...
         |    loading project file "Soutput.proj"
         |    loading materials file "../../../../../../OpenParEM2D/regression/global_materials.txt"
         |    loading mode definition file "Soutput_lines.txt"
         | Loading mesh and assigning materials ...
         |    loading MFEM mesh format
         | Frequency: 9e+09
         |    Using existing mesh ...
         |       mesh size: 4
         |       mesh worst element aspect ratio: 3.89711 < target: 5
         |       Solving ...
         |          matrix size: 937
         |          solving the eigenvalue problem ...
         |             using initial guess for the dominant eigenvalue
         |             number of iterations: 2
         |          post processing ...
         |            Hfield NOT CONVERGED         |          solve elapsed time: 1.56983 s
         |       Results:
         |          -------------------------------------------------------------------------------------------------------------------------
         |           mode     frequency           er,eff       alpha,dB/m  beta/1000,rad/m          beta/ko         Zo(real)         Zo(imag)
         |          -------------------------------------------------------------------------------------------------------------------------
         |           1            9e+09       0.46978408   -8.2422973e-12        0.1292858       0.68540796        488.57237   -6.8953948e-10
         |          -------------------------------------------------------------------------------------------------------------------------
         |       Finished
         |       cummulative elapsed time: 1.60583 s
         | Job Complete
         | Elapsed time: 1.60601 s
      building finite element spaces ...
      Driving S-port 1 ...
         solving E field in 3D volume ...
            using Cholesky preconditioner ...
               Converged: RTOL
         solving H field in 3D volume ...
            using Cholesky preconditioner ...
            re-trying ...
            re-trying using LU preconditioner ...
               Converged: RTOL
         post-processing ...
         calculating mesh errors ...
      Driving S-port 2 ...
         solving E field in 3D volume ...
            using Cholesky preconditioner ...
            re-trying ...
            re-trying using LU preconditioner ...
               Converged: RTOL
         solving H field in 3D volume ...
            using Cholesky preconditioner ...
            re-trying ...
            re-trying using LU preconditioner ...
               Converged: RTOL
         post-processing ...
         calculating mesh errors ...
         refining mesh ...
             Warning: The mesh size jumped from 84 to 271.
            INFO: Skipping Touchstone file output for non-renormalized data.
CUMMULATIVETIME,2,8626.3
   Iteration 3 ...
      mesh worst element aspect ratio: 11.7387 > target: 5
      mesh size: 271
      mesh edge length/wavelength in element: shortest=0.0762756 longest=1.50149
      solving 2D ports ...
         Port "input" ...
         | OpenParEM2D Copyright (C) 2024 Brian Young
         | 
         | This program comes with ABSOLUTELY NO WARRANTY.  This is free software,
         | and you are welcome to distribute it under certain conditions. To see
         | the full license, set
         |   output.show.license true
         | in the setup file.
         | 
         | Setting up ...
         |    loading project file "Sinput.proj"
         |    loading materials file "../../../../../../OpenParEM2D/regression/global_materials.txt"
         |    loading mode definition file "Sinput_lines.txt"
         | Loading mesh and assigning materials ...
         |    loading MFEM mesh format
         | Frequency: 9e+09
         |    Using existing mesh ...
         |       mesh size: 4
         |       mesh worst element aspect ratio: 3.89711 < target: 5
         |       Solving ...
         |          matrix size: 937
         |          solving the eigenvalue problem ...
         |             using initial guess for the dominant eigenvalue
         |             number of iterations: 2
         |          post processing ...
         |            Hfield NOT CONVERGED         |          solve elapsed time: 1.72234 s
         |       Results:
         |          -------------------------------------------------------------------------------------------------------------------------
         |           mode     frequency           er,eff       alpha,dB/m  beta/1000,rad/m          beta/ko         Zo(real)         Zo(imag)
         |          -------------------------------------------------------------------------------------------------------------------------
         |           1            9e+09       0.46978408   -1.8200426e-11        0.1292858       0.68540796        488.57237    -4.281369e-10
         |          -------------------------------------------------------------------------------------------------------------------------
         |       Finished
         |       cummulative elapsed time: 1.75814 s
         | Job Complete
         | Elapsed time: 1.75838 s
         Port "output" ...
         | OpenParEM2D Copyright (C) 2024 Brian Young
         | 
         | This program comes with ABSOLUTELY NO WARRANTY.  This is free software,
         | and you are welcome to distribute it under certain conditions. To see
         | the full license, set
         |   output.show.license true
         | in the setup file.
         | 
         | Setting up ...
         |    loading project file "Soutput.proj"
         |    loading materials file "../../../../../../OpenParEM2D/regression/global_materials.txt"
         |    loading mode definition file "Soutput_lines.txt"
         | Loading mesh and assigning materials ...
         |    loading MFEM mesh format
         | Frequency: 9e+09
         |    Using existing mesh ...
         |       mesh size: 4
         |       mesh worst element aspect ratio: 3.89711 < target: 5
         |       Solving ...
         |          matrix size: 937
         |          solving the eigenvalue problem ...
         |             using initial guess for the dominant eigenvalue
         |             number of iterations: 2
         |          post processing ...
         |            Hfield NOT CONVERGED         |          solve elapsed time: 1.52116 s
         |       Results:
         |          -------------------------------------------------------------------------------------------------------------------------
         |           mode     frequency           er,eff       alpha,dB/m  beta/1000,rad/m          beta/ko         Zo(real)         Zo(imag)
         |          -------------------------------------------------------------------------------------------------------------------------
         |           1            9e+09       0.46978408    3.4381435e-11        0.1292858       0.68540796        488.57237    6.6856168e-10
         |          -------------------------------------------------------------------------------------------------------------------------
         |       Finished
         |       cummulative elapsed time: 1.55734 s
         | Job Complete
         | Elapsed time: 1.55754 s
      building finite element spaces ...
      Driving S-port 1 ...
         solving E field in 3D volume ...
            using Cholesky preconditioner ...
               Converged: RTOL
         solving H field in 3D volume ...
            using Cholesky preconditioner ...
               Converged: RTOL
         post-processing ...
         calculating mesh errors ...
      Driving S-port 2 ...
         solving E field in 3D volume ...
            using Cholesky preconditioner ...
               Converged: RTOL
         solving H field in 3D volume ...
            using Cholesky preconditioner ...
               Converged: RTOL
         post-processing ...
         calculating mesh errors ...
         refining mesh ...
            INFO: Skipping Touchstone file output for non-renormalized data.
CUMMULATIVETIME,3,31928.5
   Iteration 4 ...
      mesh worst element aspect ratio: 11.7387 > target: 5
      mesh size: 320
      mesh edge length/wavelength in element: shortest=0.0762756 longest=0.825488
      solving 2D ports ...
         Port "input" ...
         | OpenParEM2D Copyright (C) 2024 Brian Young
         | 
         | This program comes with ABSOLUTELY NO WARRANTY.  This is free software,
         | and you are welcome to distribute it under certain conditions. To see
         | the full license, set
         |   output.show.license true
         | in the setup file.
         | 
         | Setting up ...
         |    loading project file "Sinput.proj"
         |    loading materials file "../../../../../../OpenParEM2D/regression/global_materials.txt"
         |    loading mode definition file "Sinput_lines.txt"
         | Loading mesh and assigning materials ...
         |    loading MFEM mesh format
         | Frequency: 9e+09
         |    Using existing mesh ...
         |       mesh size: 7
         |       mesh worst element aspect ratio: 3.89711 < target: 5
         |       Solving ...
         |          matrix size: 1615
         |          solving the eigenvalue problem ...
         |             using initial guess for the dominant eigenvalue
         |             number of iterations: 2
         |          post processing ...
         |            Hfield NOT CONVERGED         |          solve elapsed time: 2.75593 s
         |       Results:
         |          -------------------------------------------------------------------------------------------------------------------------
         |           mode     frequency           er,eff       alpha,dB/m  beta/1000,rad/m          beta/ko         Zo(real)         Zo(imag)
         |          -------------------------------------------------------------------------------------------------------------------------
         |           1            9e+09       0.46978408     4.827986e-12        0.1292858       0.68540796        488.57237   -6.3422515e-12
         |          -------------------------------------------------------------------------------------------------------------------------
         |       Finished
         |       cummulative elapsed time: 2.82065 s
         | Job Complete
         | Elapsed time: 2.82088 s
         Port "output" ...
         | OpenParEM2D Copyright (C) 2024 Brian Young
         | 
         | This program comes with ABSOLUTELY NO WARRANTY.  This is free software,
         | and you are welcome to distribute it under certain conditions. To see
         | the full license, set
         |   output.show.license true
         | in the setup file.
         | 
         | Setting up ...
         |    loading project file "Soutput.proj"
         |    loading materials file "../../../../../../OpenParEM2D/regression/global_materials.txt"
         |    loading mode definition file "Soutput_lines.txt"
         | Loading mesh and assigning materials ...
         |    loading MFEM mesh format
         | Frequency: 9e+09
         |    Using existing mesh ...
         |       mesh size: 4
         |       mesh worst element aspect ratio: 3.89711 < target: 5
         |       Solving ...
         |          matrix size: 937
         |          solving the eigenvalue problem ...
         |             using initial guess for the dominant eigenvalue
         |             number of iterations: 2
         |          post processing ...
         |            Hfield NOT CONVERGED         |          solve elapsed time: 1.53643 s
         |       Results:
         |          -------------------------------------------------------------------------------------------------------------------------
         |           mode     frequency           er,eff       alpha,dB/m  beta/1000,rad/m          beta/ko         Zo(real)         Zo(imag)
         |          -------------------------------------------------------------------------------------------------------------------------
         |           1            9e+09       0.46978408    9.9425379e-12        0.1292858       0.68540796        488.57237    1.8134443e-10
         |          -------------------------------------------------------------------------------------------------------------------------
         |       Finished
         |       cummulative elapsed time: 1.57143 s
         | Job Complete
         | Elapsed time: 1.57159 s
      building finite element spaces ...
      Driving S-port 1 ...
         solving E field in 3D volume ...
            using Cholesky preconditioner ...
               Converged: RTOL
         solving H field in 3D volume ...
            using Cholesky preconditioner ...
               Converged: RTOL
         post-processing ...
         calculating mesh errors ...
      Driving S-port 2 ...
         solving E field in 3D volume ...
            using Cholesky preconditioner ...
               Converged: RTOL
         solving H field in 3D volume ...
            using Cholesky preconditioner ...
               Converged: RTOL
         post-processing ...
         calculating mesh errors ...
         refining mesh ...
            INFO: Skipping Touchstone file output for non-renormalized data.
CUMMULATIVETIME,4,56668.5
   Iteration 5 ...
      mesh worst element aspect ratio: 11.7387 > target: 5
      mesh size: 418
      mesh edge length/wavelength in element: shortest=0.0762756 longest=0.825488
      solving 2D ports ...
         Port "input" ...
         | OpenParEM2D Copyright (C) 2024 Brian Young
         | 
         | This program comes with ABSOLUTELY NO WARRANTY.  This is free software,
         | and you are welcome to distribute it under certain conditions. To see
         | the full license, set
         |   output.show.license true
         | in the setup file.
         | 
         | Setting up ...
         |    loading project file "Sinput.proj"
         |    loading materials file "../../../../../../OpenParEM2D/regression/global_materials.txt"
         |    loading mode definition file "Sinput_lines.txt"
         | Loading mesh and assigning materials ...
         |    loading MFEM mesh format
         | Frequency: 9e+09
         |    Using existing mesh ...
         |       mesh size: 7
         |       mesh worst element aspect ratio: 3.89711 < target: 5
         |       Solving ...
         |          matrix size: 1615
         |          solving the eigenvalue problem ...
         |             using initial guess for the dominant eigenvalue
         |             number of iterations: 2
         |          post processing ...
         |            Hfield NOT CONVERGED         |          solve elapsed time: 2.69407 s
         |       Results:
         |          -------------------------------------------------------------------------------------------------------------------------
         |           mode     frequency           er,eff       alpha,dB/m  beta/1000,rad/m          beta/ko         Zo(real)         Zo(imag)
         |          -------------------------------------------------------------------------------------------------------------------------
         |           1            9e+09       0.46978408     3.489598e-11        0.1292858       0.68540796        488.57237   -1.4986326e-11
         |          -------------------------------------------------------------------------------------------------------------------------
         |       Finished
         |       cummulative elapsed time: 2.7594 s
         | Job Complete
         | Elapsed time: 2.75955 s
         Port "output" ...
         | OpenParEM2D Copyright (C) 2024 Brian Young
         | 
         | This program comes with ABSOLUTELY NO WARRANTY.  This is free software,
         | and you are welcome to distribute it under certain conditions. To see
         | the full license, set
         |   output.show.license true
         | in the setup file.
         | 
         | Setting up ...
         |    loading project file "Soutput.proj"
         |    loading materials file "../../../../../../OpenParEM2D/regression/global_materials.txt"
         |    loading mode definition file "Soutput_lines.txt"
         | Loading mesh and assigning materials ...
         |    loading MFEM mesh format
         | Frequency: 9e+09
         |    Using existing mesh ...
         |       mesh size: 11
         |       mesh worst element aspect ratio: 3.89711 < target: 5
         |       Solving ...
         |          matrix size: 2527
         |          solving the eigenvalue problem ...
         |             using initial guess for the dominant eigenvalue
         |             number of iterations: 2
         |          post processing ...
         |            Hfield NOT CONVERGED         |          solve elapsed time: 3.97365 s
         |       Results:
         |          -------------------------------------------------------------------------------------------------------------------------
         |           mode     frequency           er,eff       alpha,dB/m  beta/1000,rad/m          beta/ko         Zo(real)         Zo(imag)
         |          -------------------------------------------------------------------------------------------------------------------------
         |           1            9e+09       0.46978408    6.5080468e-12        0.1292858       0.68540796        488.57237    1.4895625e-11
         |          -------------------------------------------------------------------------------------------------------------------------
         |       Finished
         |       cummulative elapsed time: 4.06397 s
         | Job Complete
         | Elapsed time: 4.06413 s
      building finite element spaces ...
      Driving S-port 1 ...
         solving E field in 3D volume ...
            using Cholesky preconditioner ...
               Converged: RTOL
         solving H field in 3D volume ...
            using Cholesky preconditioner ...
               Converged: RTOL
         post-processing ...
         calculating mesh errors ...
      Driving S-port 2 ...
         solving E field in 3D volume ...
            using Cholesky preconditioner ...
               Converged: RTOL
         solving H field in 3D volume ...
            using Cholesky preconditioner ...
               Converged: RTOL
         post-processing ...
         calculating mesh errors ...
         refining mesh ...
            INFO: Skipping Touchstone file output for non-renormalized data.
CUMMULATIVETIME,5,89871.7
   Iteration 6 ...
      mesh worst element aspect ratio: 11.7387 > target: 5
      mesh size: 532
      mesh edge length/wavelength in element: shortest=0.0762756 longest=0.825488
      solving 2D ports ...
         Port "input" ...
         | OpenParEM2D Copyright (C) 2024 Brian Young
         | 
         | This program comes with ABSOLUTELY NO WARRANTY.  This is free software,
         | and you are welcome to distribute it under certain conditions. To see
         | the full license, set
         |   output.show.license true
         | in the setup file.
         | 
         | Setting up ...
         |    loading project file "Sinput.proj"
         |    loading materials file "../../../../../../OpenParEM2D/regression/global_materials.txt"
         |    loading mode definition file "Sinput_lines.txt"
         | Loading mesh and assigning materials ...
         |    loading MFEM mesh format
         | Frequency: 9e+09
         |    Using existing mesh ...
         |       mesh size: 7
         |       mesh worst element aspect ratio: 3.89711 < target: 5
         |       Solving ...
         |          matrix size: 1615
         |          solving the eigenvalue problem ...
         |             using initial guess for the dominant eigenvalue
         |             number of iterations: 2
         |          post processing ...
         |            Hfield NOT CONVERGED         |          solve elapsed time: 2.72526 s
         |       Results:
         |          -------------------------------------------------------------------------------------------------------------------------
         |           mode     frequency           er,eff       alpha,dB/m  beta/1000,rad/m          beta/ko         Zo(real)         Zo(imag)
         |          -------------------------------------------------------------------------------------------------------------------------
         |           1            9e+09       0.46978408   -1.1603441e-11        0.1292858       0.68540796        488.57237   -2.1069412e-11
         |          -------------------------------------------------------------------------------------------------------------------------
         |       Finished
         |       cummulative elapsed time: 2.79005 s
         | Job Complete
         | Elapsed time: 2.79022 s
         Port "output" ...
         | OpenParEM2D Copyright (C) 2024 Brian Young
         | 
         | This program comes with ABSOLUTELY NO WARRANTY.  This is free software,
         | and you are welcome to distribute it under certain conditions. To see
         | the full license, set
         |   output.show.license true
         | in the setup file.
         | 
         | Setting up ...
         |    loading project file "Soutput.proj"
         |    loading materials file "../../../../../../OpenParEM2D/regression/global_materials.txt"
         |    loading mode definition file "Soutput_lines.txt"
         | Loading mesh and assigning materials ...
         |    loading MFEM mesh format
         | Frequency: 9e+09
         |    Using existing mesh ...
         |       mesh size: 16
         |       mesh worst element aspect ratio: 3.89711 < target: 5
         |       Solving ...
         |          matrix size: 3649
         |          solving the eigenvalue problem ...
         |             using initial guess for the dominant eigenvalue
         |             number of iterations: 2
         |          post processing ...
         |            Hfield NOT CONVERGED         |          solve elapsed time: 4.94365 s
         |       Results:
         |          -------------------------------------------------------------------------------------------------------------------------
         |           mode     frequency           er,eff       alpha,dB/m  beta/1000,rad/m          beta/ko         Zo(real)         Zo(imag)
         |          -------------------------------------------------------------------------------------------------------------------------
         |           1            9e+09       0.46978408   -2.2489657e-13        0.1292858       0.68540796        488.57237   -2.6709145e-12
         |          -------------------------------------------------------------------------------------------------------------------------
         |       Finished
         |       cummulative elapsed time: 5.07222 s
         | Job Complete
         | Elapsed time: 5.07238 s
      building finite element spaces ...
      Driving S-port 1 ...
         solving E field in 3D volume ...
--------------------------------------------------------------------------
Primary job  terminated normally, but 1 process returned
a non-zero exit code. Per user-direction, the job has been aborted.
--------------------------------------------------------------------------
[Precision-T7920:448700] Read -1, expected 2539395072, errno = 3
--------------------------------------------------------------------------
mpirun noticed that process rank 5 with PID 0 on node Precision-T7920 exited on signal 9 (Killed).
--------------------------------------------------------------------------
