Invalid MIT-MAGIC-COOKIE-1 keyOpenParEM3D Copyright (C) 2024 Brian Young

This program comes with ABSOLUTELY NO WARRANTY.  This is free software,
and you are welcome to distribute it under certain conditions. To see
the full license, set
  output.show.license true
in the setup file.

Setting up ...
   loading project file "straight_order_9.proj"
      Warning: Value at line 8 is large.
   loading materials file "../../../../OpenParEM2D/regression/global_materials.txt"
Loading mesh and assigning materials ...
   loading gmsh mesh format
   loading port definition file "straight_ports.txt"
*******************************************************************************************************************************************************
 Frequency: 9e+09
*******************************************************************************************************************************************************
Mesh::GeneratePartitioning(...): METIS returned 2 empty parts! Applying a simple fix ...
   Refining mesh starting with the initial mesh.
   Iteration 1 ...
      mesh worst element aspect ratio: 6.11284 > target: 5
      mesh size: 30
      mesh edge length/wavelength in element: shortest=0.305102 longest=1.53217
      solving 2D ports ...
         Port "input" ...
         | OpenParEM2D Copyright (C) 2024 Brian Young
         | 
         | This program comes with ABSOLUTELY NO WARRANTY.  This is free software,
         | and you are welcome to distribute it under certain conditions. To see
         | the full license, set
         |   output.show.license true
         | in the setup file.
         | 
         | Setting up ...
         |    loading project file "Sinput.proj"
         |    loading materials file "../../../../../../OpenParEM2D/regression/global_materials.txt"
         |    loading mode definition file "Sinput_lines.txt"
         | Loading mesh and assigning materials ...
         |    loading MFEM mesh format
         | Frequency: 9e+09
         |    Using existing mesh ...
         |       mesh size: 4
         |       mesh worst element aspect ratio: 3.89711 < target: 5
         |       Solving ...
         |          matrix size: 541
         |          solving the eigenvalue problem ...
         |             number of iterations: 55
         |          post processing ...
         |          solve elapsed time: 0.910494 s
         |       Results:
         |          -------------------------------------------------------------------------------------------------------------------------
         |           mode     frequency           er,eff       alpha,dB/m  beta/1000,rad/m          beta/ko         Zo(real)         Zo(imag)
         |          -------------------------------------------------------------------------------------------------------------------------
         |           1            9e+09       0.46978408    1.1626547e-10        0.1292858       0.68540796        488.57235    4.4574798e-11
         |          -------------------------------------------------------------------------------------------------------------------------
         |       Finished
         |       cummulative elapsed time: 0.93062 s
         | Job Complete
         | Elapsed time: 0.930741 s
         Port "output" ...
         | OpenParEM2D Copyright (C) 2024 Brian Young
         | 
         | This program comes with ABSOLUTELY NO WARRANTY.  This is free software,
         | and you are welcome to distribute it under certain conditions. To see
         | the full license, set
         |   output.show.license true
         | in the setup file.
         | 
         | Setting up ...
         |    loading project file "Soutput.proj"
         |    loading materials file "../../../../../../OpenParEM2D/regression/global_materials.txt"
         |    loading mode definition file "Soutput_lines.txt"
         | Loading mesh and assigning materials ...
         |    loading MFEM mesh format
         | Frequency: 9e+09
         |    Using existing mesh ...
         |       mesh size: 4
         |       mesh worst element aspect ratio: 3.89711 < target: 5
         |       Solving ...
         |          matrix size: 541
         |          solving the eigenvalue problem ...
         |             number of iterations: 55
         |          post processing ...
         |          solve elapsed time: 0.827174 s
         |       Results:
         |          -------------------------------------------------------------------------------------------------------------------------
         |           mode     frequency           er,eff       alpha,dB/m  beta/1000,rad/m          beta/ko         Zo(real)         Zo(imag)
         |          -------------------------------------------------------------------------------------------------------------------------
         |           1            9e+09       0.46978408   -1.6695865e-10        0.1292858       0.68540796        488.57235   -7.4208593e-11
         |          -------------------------------------------------------------------------------------------------------------------------
         |       Finished
         |       cummulative elapsed time: 0.842004 s
         | Job Complete
         | Elapsed time: 0.842126 s
      building finite element spaces ...
      Driving S-port 1 ...
         solving E field in 3D volume ...
            using Cholesky preconditioner ...
               Converged: RTOL
         solving H field in 3D volume ...
            using Cholesky preconditioner ...
               Converged: RTOL
         post-processing ...
         calculating mesh errors ...
      Driving S-port 2 ...
         solving E field in 3D volume ...
            using Cholesky preconditioner ...
               Converged: RTOL
         solving H field in 3D volume ...
            using Cholesky preconditioner ...
               Converged: RTOL
         post-processing ...
         calculating mesh errors ...
         refining mesh ...
             Warning: The mesh size jumped from 30 to 109.
            INFO: Skipping Touchstone file output for non-renormalized data.
CUMMULATIVETIME,1,98.7386
   Iteration 2 ...
      mesh worst element aspect ratio: 8.63598 > target: 5
      mesh size: 109
      mesh edge length/wavelength in element: shortest=0.152551 longest=1.50149
      solving 2D ports ...
         Port "input" ...
         | OpenParEM2D Copyright (C) 2024 Brian Young
         | 
         | This program comes with ABSOLUTELY NO WARRANTY.  This is free software,
         | and you are welcome to distribute it under certain conditions. To see
         | the full license, set
         |   output.show.license true
         | in the setup file.
         | 
         | Setting up ...
         |    loading project file "Sinput.proj"
         |    loading materials file "../../../../../../OpenParEM2D/regression/global_materials.txt"
         |    loading mode definition file "Sinput_lines.txt"
         | Loading mesh and assigning materials ...
         |    loading MFEM mesh format
         | Frequency: 9e+09
         |    Using existing mesh ...
         |       mesh size: 4
         |       mesh worst element aspect ratio: 3.89711 < target: 5
         |       Solving ...
         |          matrix size: 541
         |          solving the eigenvalue problem ...
         |             using initial guess for the dominant eigenvalue
         |             number of iterations: 2
         |          post processing ...
         |          solve elapsed time: 0.472756 s
         |       Results:
         |          -------------------------------------------------------------------------------------------------------------------------
         |           mode     frequency           er,eff       alpha,dB/m  beta/1000,rad/m          beta/ko         Zo(real)         Zo(imag)
         |          -------------------------------------------------------------------------------------------------------------------------
         |           1            9e+09       0.46978408   -1.6786051e-11        0.1292858       0.68540796        488.57235   -7.2612616e-12
         |          -------------------------------------------------------------------------------------------------------------------------
         |       Finished
         |       cummulative elapsed time: 0.48738 s
         | Job Complete
         | Elapsed time: 0.487506 s
         Port "output" ...
         | OpenParEM2D Copyright (C) 2024 Brian Young
         | 
         | This program comes with ABSOLUTELY NO WARRANTY.  This is free software,
         | and you are welcome to distribute it under certain conditions. To see
         | the full license, set
         |   output.show.license true
         | in the setup file.
         | 
         | Setting up ...
         |    loading project file "Soutput.proj"
         |    loading materials file "../../../../../../OpenParEM2D/regression/global_materials.txt"
         |    loading mode definition file "Soutput_lines.txt"
         | Loading mesh and assigning materials ...
         |    loading MFEM mesh format
         | Frequency: 9e+09
         |    Using existing mesh ...
         |       mesh size: 4
         |       mesh worst element aspect ratio: 3.89711 < target: 5
         |       Solving ...
         |          matrix size: 541
         |          solving the eigenvalue problem ...
         |             using initial guess for the dominant eigenvalue
         |             number of iterations: 2
         |          post processing ...
         |          solve elapsed time: 0.477495 s
         |       Results:
         |          -------------------------------------------------------------------------------------------------------------------------
         |           mode     frequency           er,eff       alpha,dB/m  beta/1000,rad/m          beta/ko         Zo(real)         Zo(imag)
         |          -------------------------------------------------------------------------------------------------------------------------
         |           1            9e+09       0.46978408   -2.2597105e-12        0.1292858       0.68540796        488.57235   -1.1547869e-12
         |          -------------------------------------------------------------------------------------------------------------------------
         |       Finished
         |       cummulative elapsed time: 0.492288 s
         | Job Complete
         | Elapsed time: 0.492418 s
      building finite element spaces ...
      Driving S-port 1 ...
         solving E field in 3D volume ...
            using Cholesky preconditioner ...
               Converged: RTOL
         solving H field in 3D volume ...
            using Cholesky preconditioner ...
               Converged: RTOL
         post-processing ...
         calculating mesh errors ...
      Driving S-port 2 ...
         solving E field in 3D volume ...
            using Cholesky preconditioner ...
               Converged: RTOL
         solving H field in 3D volume ...
            using Cholesky preconditioner ...
               Converged: RTOL
         post-processing ...
         calculating mesh errors ...
         refining mesh ...
            INFO: Skipping Touchstone file output for non-renormalized data.
CUMMULATIVETIME,2,500.687
   Iteration 3 ...
      mesh worst element aspect ratio: 10.2871 > target: 5
      mesh size: 159
      mesh edge length/wavelength in element: shortest=0.152551 longest=0.825488
      solving 2D ports ...
         Port "input" ...
         | OpenParEM2D Copyright (C) 2024 Brian Young
         | 
         | This program comes with ABSOLUTELY NO WARRANTY.  This is free software,
         | and you are welcome to distribute it under certain conditions. To see
         | the full license, set
         |   output.show.license true
         | in the setup file.
         | 
         | Setting up ...
         |    loading project file "Sinput.proj"
         |    loading materials file "../../../../../../OpenParEM2D/regression/global_materials.txt"
         |    loading mode definition file "Sinput_lines.txt"
         | Loading mesh and assigning materials ...
         |    loading MFEM mesh format
         | Frequency: 9e+09
         |    Using existing mesh ...
         |       mesh size: 7
         |       mesh worst element aspect ratio: 3.89711 < target: 5
         |       Solving ...
         |          matrix size: 928
         |          solving the eigenvalue problem ...
         |             using initial guess for the dominant eigenvalue
         |             number of iterations: 2
         |          post processing ...
         |          solve elapsed time: 0.853916 s
         |       Results:
         |          -------------------------------------------------------------------------------------------------------------------------
         |           mode     frequency           er,eff       alpha,dB/m  beta/1000,rad/m          beta/ko         Zo(real)         Zo(imag)
         |          -------------------------------------------------------------------------------------------------------------------------
         |           1            9e+09       0.46978408    -2.066106e-11        0.1292858       0.68540796        488.57236   -9.0543074e-12
         |          -------------------------------------------------------------------------------------------------------------------------
         |       Finished
         |       cummulative elapsed time: 0.881005 s
         | Job Complete
         | Elapsed time: 0.881127 s
         Port "output" ...
         | OpenParEM2D Copyright (C) 2024 Brian Young
         | 
         | This program comes with ABSOLUTELY NO WARRANTY.  This is free software,
         | and you are welcome to distribute it under certain conditions. To see
         | the full license, set
         |   output.show.license true
         | in the setup file.
         | 
         | Setting up ...
         |    loading project file "Soutput.proj"
         |    loading materials file "../../../../../../OpenParEM2D/regression/global_materials.txt"
         |    loading mode definition file "Soutput_lines.txt"
         | Loading mesh and assigning materials ...
         |    loading MFEM mesh format
         | Frequency: 9e+09
         |    Using existing mesh ...
         |       mesh size: 4
         |       mesh worst element aspect ratio: 3.89711 < target: 5
         |       Solving ...
         |          matrix size: 541
         |          solving the eigenvalue problem ...
         |             using initial guess for the dominant eigenvalue
         |             number of iterations: 2
         |          post processing ...
         |          solve elapsed time: 0.476487 s
         |       Results:
         |          -------------------------------------------------------------------------------------------------------------------------
         |           mode     frequency           er,eff       alpha,dB/m  beta/1000,rad/m          beta/ko         Zo(real)         Zo(imag)
         |          -------------------------------------------------------------------------------------------------------------------------
         |           1            9e+09       0.46978408   -5.8177393e-12        0.1292858       0.68540796        488.57235   -2.3823902e-12
         |          -------------------------------------------------------------------------------------------------------------------------
         |       Finished
         |       cummulative elapsed time: 0.491327 s
         | Job Complete
         | Elapsed time: 0.491444 s
      building finite element spaces ...
      Driving S-port 1 ...
         solving E field in 3D volume ...
            using Cholesky preconditioner ...
               Converged: RTOL
         solving H field in 3D volume ...
            using Cholesky preconditioner ...
               Converged: RTOL
         post-processing ...
         calculating mesh errors ...
      Driving S-port 2 ...
         solving E field in 3D volume ...
            using Cholesky preconditioner ...
               Converged: RTOL
         solving H field in 3D volume ...
            using Cholesky preconditioner ...
               Converged: RTOL
         post-processing ...
         calculating mesh errors ...
         refining mesh ...
            INFO: Skipping Touchstone file output for non-renormalized data.
CUMMULATIVETIME,3,1059.64
   Iteration 4 ...
      mesh worst element aspect ratio: 11.7387 > target: 5
      mesh size: 320
      mesh edge length/wavelength in element: shortest=0.0762756 longest=0.825488
      solving 2D ports ...
         Port "input" ...
         | OpenParEM2D Copyright (C) 2024 Brian Young
         | 
         | This program comes with ABSOLUTELY NO WARRANTY.  This is free software,
         | and you are welcome to distribute it under certain conditions. To see
         | the full license, set
         |   output.show.license true
         | in the setup file.
         | 
         | Setting up ...
         |    loading project file "Sinput.proj"
         |    loading materials file "../../../../../../OpenParEM2D/regression/global_materials.txt"
         |    loading mode definition file "Sinput_lines.txt"
         | Loading mesh and assigning materials ...
         |    loading MFEM mesh format
         | Frequency: 9e+09
         |    Using existing mesh ...
         |       mesh size: 7
         |       mesh worst element aspect ratio: 3.89711 < target: 5
         |       Solving ...
         |          matrix size: 928
         |          solving the eigenvalue problem ...
         |             using initial guess for the dominant eigenvalue
         |             number of iterations: 2
         |          post processing ...
         |          solve elapsed time: 0.87854 s
         |       Results:
         |          -------------------------------------------------------------------------------------------------------------------------
         |           mode     frequency           er,eff       alpha,dB/m  beta/1000,rad/m          beta/ko         Zo(real)         Zo(imag)
         |          -------------------------------------------------------------------------------------------------------------------------
         |           1            9e+09       0.46978408   -1.3803148e-13        0.1292858       0.68540796        488.57236   -5.3025941e-14
         |          -------------------------------------------------------------------------------------------------------------------------
         |       Finished
         |       cummulative elapsed time: 0.905484 s
         | Job Complete
         | Elapsed time: 0.905602 s
         Port "output" ...
         | OpenParEM2D Copyright (C) 2024 Brian Young
         | 
         | This program comes with ABSOLUTELY NO WARRANTY.  This is free software,
         | and you are welcome to distribute it under certain conditions. To see
         | the full license, set
         |   output.show.license true
         | in the setup file.
         | 
         | Setting up ...
         |    loading project file "Soutput.proj"
         |    loading materials file "../../../../../../OpenParEM2D/regression/global_materials.txt"
         |    loading mode definition file "Soutput_lines.txt"
         | Loading mesh and assigning materials ...
         |    loading MFEM mesh format
         | Frequency: 9e+09
         |    Using existing mesh ...
         |       mesh size: 4
         |       mesh worst element aspect ratio: 3.89711 < target: 5
         |       Solving ...
         |          matrix size: 541
         |          solving the eigenvalue problem ...
         |             using initial guess for the dominant eigenvalue
         |             number of iterations: 2
         |          post processing ...
         |          solve elapsed time: 0.472476 s
         |       Results:
         |          -------------------------------------------------------------------------------------------------------------------------
         |           mode     frequency           er,eff       alpha,dB/m  beta/1000,rad/m          beta/ko         Zo(real)         Zo(imag)
         |          -------------------------------------------------------------------------------------------------------------------------
         |           1            9e+09       0.46978408   -5.8177393e-12        0.1292858       0.68540796        488.57235   -2.3823902e-12
         |          -------------------------------------------------------------------------------------------------------------------------
         |       Finished
         |       cummulative elapsed time: 0.487114 s
         | Job Complete
         | Elapsed time: 0.48725 s
      building finite element spaces ...
      Driving S-port 1 ...
         solving E field in 3D volume ...
            using Cholesky preconditioner ...
               Converged: RTOL
         solving H field in 3D volume ...
            using Cholesky preconditioner ...
               Converged: RTOL
         post-processing ...
         calculating mesh errors ...
      Driving S-port 2 ...
         solving E field in 3D volume ...
            using Cholesky preconditioner ...
               Converged: RTOL
         solving H field in 3D volume ...
            using Cholesky preconditioner ...
               Converged: RTOL
         post-processing ...
         calculating mesh errors ...
         refining mesh ...
            INFO: Skipping Touchstone file output for non-renormalized data.
CUMMULATIVETIME,4,2644.7
   Iteration 5 ...
      mesh worst element aspect ratio: 11.7387 > target: 5
      mesh size: 347
      mesh edge length/wavelength in element: shortest=0.0762756 longest=0.825488
      solving 2D ports ...
         Port "input" ...
         | OpenParEM2D Copyright (C) 2024 Brian Young
         | 
         | This program comes with ABSOLUTELY NO WARRANTY.  This is free software,
         | and you are welcome to distribute it under certain conditions. To see
         | the full license, set
         |   output.show.license true
         | in the setup file.
         | 
         | Setting up ...
         |    loading project file "Sinput.proj"
         |    loading materials file "../../../../../../OpenParEM2D/regression/global_materials.txt"
         |    loading mode definition file "Sinput_lines.txt"
         | Loading mesh and assigning materials ...
         |    loading MFEM mesh format
         | Frequency: 9e+09
         |    Using existing mesh ...
         |       mesh size: 7
         |       mesh worst element aspect ratio: 3.89711 < target: 5
         |       Solving ...
         |          matrix size: 928
         |          solving the eigenvalue problem ...
         |             using initial guess for the dominant eigenvalue
         |             number of iterations: 2
         |          post processing ...
         |          solve elapsed time: 0.896702 s
         |       Results:
         |          -------------------------------------------------------------------------------------------------------------------------
         |           mode     frequency           er,eff       alpha,dB/m  beta/1000,rad/m          beta/ko         Zo(real)         Zo(imag)
         |          -------------------------------------------------------------------------------------------------------------------------
         |           1            9e+09       0.46978408    2.7194631e-11        0.1292858       0.68540796        488.57236      1.15758e-11
         |          -------------------------------------------------------------------------------------------------------------------------
         |       Finished
         |       cummulative elapsed time: 0.923946 s
         | Job Complete
         | Elapsed time: 0.924073 s
         Port "output" ...
         | OpenParEM2D Copyright (C) 2024 Brian Young
         | 
         | This program comes with ABSOLUTELY NO WARRANTY.  This is free software,
         | and you are welcome to distribute it under certain conditions. To see
         | the full license, set
         |   output.show.license true
         | in the setup file.
         | 
         | Setting up ...
         |    loading project file "Soutput.proj"
         |    loading materials file "../../../../../../OpenParEM2D/regression/global_materials.txt"
         |    loading mode definition file "Soutput_lines.txt"
         | Loading mesh and assigning materials ...
         |    loading MFEM mesh format
         | Frequency: 9e+09
         |    Using existing mesh ...
         |       mesh size: 11
         |       mesh worst element aspect ratio: 3.89711 < target: 5
         |       Solving ...
         |          matrix size: 1450
         |          solving the eigenvalue problem ...
         |             using initial guess for the dominant eigenvalue
         |             number of iterations: 2
         |          post processing ...
         |          solve elapsed time: 1.28491 s
         |       Results:
         |          -------------------------------------------------------------------------------------------------------------------------
         |           mode     frequency           er,eff       alpha,dB/m  beta/1000,rad/m          beta/ko         Zo(real)         Zo(imag)
         |          -------------------------------------------------------------------------------------------------------------------------
         |           1            9e+09       0.46978408    1.0789753e-11        0.1292858       0.68540796        488.57237    4.7087736e-12
         |          -------------------------------------------------------------------------------------------------------------------------
         |       Finished
         |       cummulative elapsed time: 1.32223 s
         | Job Complete
         | Elapsed time: 1.32238 s
      building finite element spaces ...
      Driving S-port 1 ...
         solving E field in 3D volume ...
            using Cholesky preconditioner ...
               Converged: RTOL
         solving H field in 3D volume ...
            using Cholesky preconditioner ...
               Converged: RTOL
         post-processing ...
         calculating mesh errors ...
      Driving S-port 2 ...
         solving E field in 3D volume ...
            using Cholesky preconditioner ...
               Converged: RTOL
         solving H field in 3D volume ...
            using Cholesky preconditioner ...
               Converged: RTOL
         post-processing ...
         calculating mesh errors ...
         refining mesh ...
            INFO: Skipping Touchstone file output for non-renormalized data.
CUMMULATIVETIME,5,4274.72
   Iteration 6 ...
      mesh worst element aspect ratio: 11.7387 > target: 5
      mesh size: 490
      mesh edge length/wavelength in element: shortest=0.0762756 longest=0.825488
      solving 2D ports ...
         Port "input" ...
         | OpenParEM2D Copyright (C) 2024 Brian Young
         | 
         | This program comes with ABSOLUTELY NO WARRANTY.  This is free software,
         | and you are welcome to distribute it under certain conditions. To see
         | the full license, set
         |   output.show.license true
         | in the setup file.
         | 
         | Setting up ...
         |    loading project file "Sinput.proj"
         |    loading materials file "../../../../../../OpenParEM2D/regression/global_materials.txt"
         |    loading mode definition file "Sinput_lines.txt"
         | Loading mesh and assigning materials ...
         |    loading MFEM mesh format
         | Frequency: 9e+09
         |    Using existing mesh ...
         |       mesh size: 7
         |       mesh worst element aspect ratio: 3.89711 < target: 5
         |       Solving ...
         |          matrix size: 928
         |          solving the eigenvalue problem ...
         |             using initial guess for the dominant eigenvalue
         |             number of iterations: 2
         |          post processing ...
         |          solve elapsed time: 0.895316 s
         |       Results:
         |          -------------------------------------------------------------------------------------------------------------------------
         |           mode     frequency           er,eff       alpha,dB/m  beta/1000,rad/m          beta/ko         Zo(real)         Zo(imag)
         |          -------------------------------------------------------------------------------------------------------------------------
         |           1            9e+09       0.46978408   -2.6716605e-11        0.1292858       0.68540796        488.57236   -1.1410802e-11
         |          -------------------------------------------------------------------------------------------------------------------------
         |       Finished
         |       cummulative elapsed time: 0.922554 s
         | Job Complete
         | Elapsed time: 0.922673 s
         Port "output" ...
         | OpenParEM2D Copyright (C) 2024 Brian Young
         | 
         | This program comes with ABSOLUTELY NO WARRANTY.  This is free software,
         | and you are welcome to distribute it under certain conditions. To see
         | the full license, set
         |   output.show.license true
         | in the setup file.
         | 
         | Setting up ...
         |    loading project file "Soutput.proj"
         |    loading materials file "../../../../../../OpenParEM2D/regression/global_materials.txt"
         |    loading mode definition file "Soutput_lines.txt"
         | Loading mesh and assigning materials ...
         |    loading MFEM mesh format
         | Frequency: 9e+09
         |    Using existing mesh ...
         |       mesh size: 16
         |       mesh worst element aspect ratio: 3.89711 < target: 5
         |       Solving ...
         |          matrix size: 2089
         |          solving the eigenvalue problem ...
         |             using initial guess for the dominant eigenvalue
         |             number of iterations: 2
         |          post processing ...
         |          solve elapsed time: 1.60061 s
         |       Results:
         |          -------------------------------------------------------------------------------------------------------------------------
         |           mode     frequency           er,eff       alpha,dB/m  beta/1000,rad/m          beta/ko         Zo(real)         Zo(imag)
         |          -------------------------------------------------------------------------------------------------------------------------
         |           1            9e+09       0.46978408    9.7100843e-12        0.1292858       0.68540796        488.57237    4.2416085e-12
         |          -------------------------------------------------------------------------------------------------------------------------
         |       Finished
         |       cummulative elapsed time: 1.64255 s
         | Job Complete
         | Elapsed time: 1.64267 s
      building finite element spaces ...
      Driving S-port 1 ...
         solving E field in 3D volume ...
            using Cholesky preconditioner ...
               Converged: RTOL
         solving H field in 3D volume ...
            using Cholesky preconditioner ...
               Converged: RTOL
         post-processing ...
         calculating mesh errors ...
      Driving S-port 2 ...
         solving E field in 3D volume ...
            using Cholesky preconditioner ...
               Converged: RTOL
         solving H field in 3D volume ...
            using Cholesky preconditioner ...
               Converged: RTOL
         post-processing ...
         calculating mesh errors ...
         refining mesh ...
            INFO: Skipping Touchstone file output for non-renormalized data.
CUMMULATIVETIME,6,6409.39
   Iteration 7 ...
      mesh worst element aspect ratio: 11.8138 > target: 5
      mesh size: 720
      mesh edge length/wavelength in element: shortest=0.0381378 longest=0.825488
      solving 2D ports ...
         Port "input" ...
         | OpenParEM2D Copyright (C) 2024 Brian Young
         | 
         | This program comes with ABSOLUTELY NO WARRANTY.  This is free software,
         | and you are welcome to distribute it under certain conditions. To see
         | the full license, set
         |   output.show.license true
         | in the setup file.
         | 
         | Setting up ...
         |    loading project file "Sinput.proj"
         |    loading materials file "../../../../../../OpenParEM2D/regression/global_materials.txt"
         |    loading mode definition file "Sinput_lines.txt"
         | Loading mesh and assigning materials ...
         |    loading MFEM mesh format
         | Frequency: 9e+09
         |    Using existing mesh ...
         |       mesh size: 7
         |       mesh worst element aspect ratio: 3.89711 < target: 5
         |       Solving ...
         |          matrix size: 928
         |          solving the eigenvalue problem ...
         |             using initial guess for the dominant eigenvalue
         |             number of iterations: 2
         |          post processing ...
         |          solve elapsed time: 0.857961 s
         |       Results:
         |          -------------------------------------------------------------------------------------------------------------------------
         |           mode     frequency           er,eff       alpha,dB/m  beta/1000,rad/m          beta/ko         Zo(real)         Zo(imag)
         |          -------------------------------------------------------------------------------------------------------------------------
         |           1            9e+09       0.46978408    2.8584191e-11        0.1292858       0.68540796        488.57236     1.226637e-11
         |          -------------------------------------------------------------------------------------------------------------------------
         |       Finished
         |       cummulative elapsed time: 0.883427 s
         | Job Complete
         | Elapsed time: 0.883527 s
         Port "output" ...
         | OpenParEM2D Copyright (C) 2024 Brian Young
         | 
         | This program comes with ABSOLUTELY NO WARRANTY.  This is free software,
         | and you are welcome to distribute it under certain conditions. To see
         | the full license, set
         |   output.show.license true
         | in the setup file.
         | 
         | Setting up ...
         |    loading project file "Soutput.proj"
         |    loading materials file "../../../../../../OpenParEM2D/regression/global_materials.txt"
         |    loading mode definition file "Soutput_lines.txt"
         | Loading mesh and assigning materials ...
         |    loading MFEM mesh format
         | Frequency: 9e+09
         |    Using existing mesh ...
         |       mesh size: 16
         |       mesh worst element aspect ratio: 3.89711 < target: 5
         |       Solving ...
         |          matrix size: 2089
         |          solving the eigenvalue problem ...
         |             using initial guess for the dominant eigenvalue
         |             number of iterations: 2
         |          post processing ...
         |          solve elapsed time: 1.61457 s
         |       Results:
         |          -------------------------------------------------------------------------------------------------------------------------
         |           mode     frequency           er,eff       alpha,dB/m  beta/1000,rad/m          beta/ko         Zo(real)         Zo(imag)
         |          -------------------------------------------------------------------------------------------------------------------------
         |           1            9e+09       0.46978408    1.2972761e-12        0.1292858       0.68540796        488.57237     5.604136e-13
         |          -------------------------------------------------------------------------------------------------------------------------
         |       Finished
         |       cummulative elapsed time: 1.65834 s
         | Job Complete
         | Elapsed time: 1.65848 s
      building finite element spaces ...
      Driving S-port 1 ...
         solving E field in 3D volume ...
            using Cholesky preconditioner ...
               Converged: RTOL
         solving H field in 3D volume ...
            using Cholesky preconditioner ...
               Converged: RTOL
         post-processing ...
         calculating mesh errors ...
      Driving S-port 2 ...
         solving E field in 3D volume ...
            using Cholesky preconditioner ...
               Converged: RTOL
         solving H field in 3D volume ...
            using Cholesky preconditioner ...
               Converged: RTOL
         post-processing ...
         calculating mesh errors ...
         refining mesh ...
            INFO: Skipping Touchstone file output for non-renormalized data.
CUMMULATIVETIME,7,9587.74
   Iteration 8 ...
      mesh worst element aspect ratio: 13.0101 > target: 5
      mesh size: 894
      mesh edge length/wavelength in element: shortest=0.0381378 longest=0.825488
      solving 2D ports ...
         Port "input" ...
         | OpenParEM2D Copyright (C) 2024 Brian Young
         | 
         | This program comes with ABSOLUTELY NO WARRANTY.  This is free software,
         | and you are welcome to distribute it under certain conditions. To see
         | the full license, set
         |   output.show.license true
         | in the setup file.
         | 
         | Setting up ...
         |    loading project file "Sinput.proj"
         |    loading materials file "../../../../../../OpenParEM2D/regression/global_materials.txt"
         |    loading mode definition file "Sinput_lines.txt"
         | Loading mesh and assigning materials ...
         |    loading MFEM mesh format
         | Frequency: 9e+09
         |    Using existing mesh ...
         |       mesh size: 7
         |       mesh worst element aspect ratio: 3.89711 < target: 5
         |       Solving ...
         |          matrix size: 928
         |          solving the eigenvalue problem ...
         |             using initial guess for the dominant eigenvalue
         |             number of iterations: 2
         |          post processing ...
         |          solve elapsed time: 0.865744 s
         |       Results:
         |          -------------------------------------------------------------------------------------------------------------------------
         |           mode     frequency           er,eff       alpha,dB/m  beta/1000,rad/m          beta/ko         Zo(real)         Zo(imag)
         |          -------------------------------------------------------------------------------------------------------------------------
         |           1            9e+09       0.46978408   -2.2493255e-12        0.1292858       0.68540796        488.57236   -1.2151944e-12
         |          -------------------------------------------------------------------------------------------------------------------------
         |       Finished
         |       cummulative elapsed time: 0.892218 s
         | Job Complete
         | Elapsed time: 0.892439 s
         Port "output" ...
         | OpenParEM2D Copyright (C) 2024 Brian Young
         | 
         | This program comes with ABSOLUTELY NO WARRANTY.  This is free software,
         | and you are welcome to distribute it under certain conditions. To see
         | the full license, set
         |   output.show.license true
         | in the setup file.
         | 
         | Setting up ...
         |    loading project file "Soutput.proj"
         |    loading materials file "../../../../../../OpenParEM2D/regression/global_materials.txt"
         |    loading mode definition file "Soutput_lines.txt"
         | Loading mesh and assigning materials ...
         |    loading MFEM mesh format
         | Frequency: 9e+09
         |    Using existing mesh ...
         |       mesh size: 16
         |       mesh worst element aspect ratio: 3.89711 < target: 5
         |       Solving ...
         |          matrix size: 2089
         |          solving the eigenvalue problem ...
         |             using initial guess for the dominant eigenvalue
         |             number of iterations: 2
         |          post processing ...
         |          solve elapsed time: 1.60267 s
         |       Results:
         |          -------------------------------------------------------------------------------------------------------------------------
         |           mode     frequency           er,eff       alpha,dB/m  beta/1000,rad/m          beta/ko         Zo(real)         Zo(imag)
         |          -------------------------------------------------------------------------------------------------------------------------
         |           1            9e+09       0.46978408    2.6784727e-12        0.1292858       0.68540796        488.57237      1.13135e-12
         |          -------------------------------------------------------------------------------------------------------------------------
         |       Finished
         |       cummulative elapsed time: 1.64685 s
         | Job Complete
         | Elapsed time: 1.64704 s
      building finite element spaces ...
      Driving S-port 1 ...
         solving E field in 3D volume ...
            using Cholesky preconditioner ...
               Converged: RTOL
         solving H field in 3D volume ...
            using Cholesky preconditioner ...
               Converged: RTOL
         post-processing ...
         calculating mesh errors ...
      Driving S-port 2 ...
         solving E field in 3D volume ...
            using Cholesky preconditioner ...
               Converged: RTOL
         solving H field in 3D volume ...
            using Cholesky preconditioner ...
               Converged: RTOL
         post-processing ...
         calculating mesh errors ...
         refining mesh ...
            INFO: Skipping Touchstone file output for non-renormalized data.
CUMMULATIVETIME,8,13426.2
   Iteration 9 ...
      mesh worst element aspect ratio: 13.0101 > target: 5
      mesh size: 1303
      mesh edge length/wavelength in element: shortest=0.0381378 longest=0.766087
      solving 2D ports ...
         Port "input" ...
         | OpenParEM2D Copyright (C) 2024 Brian Young
         | 
         | This program comes with ABSOLUTELY NO WARRANTY.  This is free software,
         | and you are welcome to distribute it under certain conditions. To see
         | the full license, set
         |   output.show.license true
         | in the setup file.
         | 
         | Setting up ...
         |    loading project file "Sinput.proj"
         |    loading materials file "../../../../../../OpenParEM2D/regression/global_materials.txt"
         |    loading mode definition file "Sinput_lines.txt"
         | Loading mesh and assigning materials ...
         |    loading MFEM mesh format
         | Frequency: 9e+09
         |    Using existing mesh ...
         |       mesh size: 10
         |       mesh worst element aspect ratio: 3.89711 < target: 5
         |       Solving ...
         |          matrix size: 1315
         |          solving the eigenvalue problem ...
         |             using initial guess for the dominant eigenvalue
         |             number of iterations: 2
         |          post processing ...
         |          solve elapsed time: 1.10191 s
         |       Results:
         |          -------------------------------------------------------------------------------------------------------------------------
         |           mode     frequency           er,eff       alpha,dB/m  beta/1000,rad/m          beta/ko         Zo(real)         Zo(imag)
         |          -------------------------------------------------------------------------------------------------------------------------
         |           1            9e+09       0.46978408    5.8866883e-12        0.1292858       0.68540796        488.57237    2.5831977e-12
         |          -------------------------------------------------------------------------------------------------------------------------
         |       Finished
         |       cummulative elapsed time: 1.13472 s
         | Job Complete
         | Elapsed time: 1.13487 s
         Port "output" ...
         | OpenParEM2D Copyright (C) 2024 Brian Young
         | 
         | This program comes with ABSOLUTELY NO WARRANTY.  This is free software,
         | and you are welcome to distribute it under certain conditions. To see
         | the full license, set
         |   output.show.license true
         | in the setup file.
         | 
         | Setting up ...
         |    loading project file "Soutput.proj"
         |    loading materials file "../../../../../../OpenParEM2D/regression/global_materials.txt"
         |    loading mode definition file "Soutput_lines.txt"
         | Loading mesh and assigning materials ...
         |    loading MFEM mesh format
         | Frequency: 9e+09
         |    Using existing mesh ...
         |       mesh size: 20
         |       mesh worst element aspect ratio: 3.89711 < target: 5
         |       Solving ...
         |          matrix size: 2593
         |          solving the eigenvalue problem ...
         |             using initial guess for the dominant eigenvalue
         |             number of iterations: 2
         |          post processing ...
         |          solve elapsed time: 1.96852 s
         |       Results:
         |          -------------------------------------------------------------------------------------------------------------------------
         |           mode     frequency           er,eff       alpha,dB/m  beta/1000,rad/m          beta/ko         Zo(real)         Zo(imag)
         |          -------------------------------------------------------------------------------------------------------------------------
         |           1            9e+09       0.46978408    2.0824658e-12        0.1292858       0.68540796        488.57237    9.1775105e-13
         |          -------------------------------------------------------------------------------------------------------------------------
         |       Finished
         |       cummulative elapsed time: 2.01305 s
         | Job Complete
         | Elapsed time: 2.01318 s
      building finite element spaces ...
      Driving S-port 1 ...
         solving E field in 3D volume ...
            using Cholesky preconditioner ...
               Converged: RTOL
         solving H field in 3D volume ...
            using Cholesky preconditioner ...
               Converged: RTOL
         post-processing ...
         calculating mesh errors ...
      Driving S-port 2 ...
         solving E field in 3D volume ...
            using Cholesky preconditioner ...
               Converged: RTOL
         solving H field in 3D volume ...
            using Cholesky preconditioner ...
               Converged: RTOL
         post-processing ...
         calculating mesh errors ...
         refining mesh ...
            INFO: Skipping Touchstone file output for non-renormalized data.
CUMMULATIVETIME,9,19267.8
   Iteration 10 ...
      mesh worst element aspect ratio: 13.0101 > target: 5
      mesh size: 1766
      mesh edge length/wavelength in element: shortest=0.0381378 longest=0.766087
      solving 2D ports ...
         Port "input" ...
         | OpenParEM2D Copyright (C) 2024 Brian Young
         | 
         | This program comes with ABSOLUTELY NO WARRANTY.  This is free software,
         | and you are welcome to distribute it under certain conditions. To see
         | the full license, set
         |   output.show.license true
         | in the setup file.
         | 
         | Setting up ...
         |    loading project file "Sinput.proj"
         |    loading materials file "../../../../../../OpenParEM2D/regression/global_materials.txt"
         |    loading mode definition file "Sinput_lines.txt"
         | Loading mesh and assigning materials ...
         |    loading MFEM mesh format
         | Frequency: 9e+09
         |    Using existing mesh ...
         |       mesh size: 10
         |       mesh worst element aspect ratio: 3.89711 < target: 5
         |       Solving ...
         |          matrix size: 1315
         |          solving the eigenvalue problem ...
         |             using initial guess for the dominant eigenvalue
         |             number of iterations: 2
         |          post processing ...
         |          solve elapsed time: 1.0485 s
         |       Results:
         |          -------------------------------------------------------------------------------------------------------------------------
         |           mode     frequency           er,eff       alpha,dB/m  beta/1000,rad/m          beta/ko         Zo(real)         Zo(imag)
         |          -------------------------------------------------------------------------------------------------------------------------
         |           1            9e+09       0.46978408    2.7354407e-12        0.1292858       0.68540796        488.57237    1.1840335e-12
         |          -------------------------------------------------------------------------------------------------------------------------
         |       Finished
         |       cummulative elapsed time: 1.08232 s
         | Job Complete
         | Elapsed time: 1.08245 s
         Port "output" ...
         | OpenParEM2D Copyright (C) 2024 Brian Young
         | 
         | This program comes with ABSOLUTELY NO WARRANTY.  This is free software,
         | and you are welcome to distribute it under certain conditions. To see
         | the full license, set
         |   output.show.license true
         | in the setup file.
         | 
         | Setting up ...
         |    loading project file "Soutput.proj"
         |    loading materials file "../../../../../../OpenParEM2D/regression/global_materials.txt"
         |    loading mode definition file "Soutput_lines.txt"
         | Loading mesh and assigning materials ...
         |    loading MFEM mesh format
         | Frequency: 9e+09
         |    Using existing mesh ...
         |       mesh size: 24
         |       mesh worst element aspect ratio: 3.89711 < target: 5
         |       Solving ...
         |          matrix size: 3115
         |          solving the eigenvalue problem ...
         |             using initial guess for the dominant eigenvalue
         |             number of iterations: 2
         |          post processing ...
         |          solve elapsed time: 2.2191 s
         |       Results:
         |          -------------------------------------------------------------------------------------------------------------------------
         |           mode     frequency           er,eff       alpha,dB/m  beta/1000,rad/m          beta/ko         Zo(real)         Zo(imag)
         |          -------------------------------------------------------------------------------------------------------------------------
         |           1            9e+09       0.46978408   -1.7659054e-14        0.1292858       0.68540796        488.57237    9.0727426e-15
         |          -------------------------------------------------------------------------------------------------------------------------
         |       Finished
         |       cummulative elapsed time: 2.27106 s
         | Job Complete
         | Elapsed time: 2.27119 s
      building finite element spaces ...
      Driving S-port 1 ...
         solving E field in 3D volume ...
            using Cholesky preconditioner ...
               Converged: RTOL
         solving H field in 3D volume ...
            using Cholesky preconditioner ...
               Converged: RTOL
         post-processing ...
         calculating mesh errors ...
      Driving S-port 2 ...
         solving E field in 3D volume ...
            using Cholesky preconditioner ...
               Converged: RTOL
         solving H field in 3D volume ...
            using Cholesky preconditioner ...
               Converged: RTOL
         post-processing ...
         calculating mesh errors ...
         refining mesh ...
            INFO: Skipping Touchstone file output for non-renormalized data.
CUMMULATIVETIME,10,27366.6
   Iteration 11 ...
      mesh worst element aspect ratio: 13.0101 > target: 5
      mesh size: 2426
      mesh edge length/wavelength in element: shortest=0.0190689 longest=0.766087
      solving 2D ports ...
         Port "input" ...
         | OpenParEM2D Copyright (C) 2024 Brian Young
         | 
         | This program comes with ABSOLUTELY NO WARRANTY.  This is free software,
         | and you are welcome to distribute it under certain conditions. To see
         | the full license, set
         |   output.show.license true
         | in the setup file.
         | 
         | Setting up ...
         |    loading project file "Sinput.proj"
         |    loading materials file "../../../../../../OpenParEM2D/regression/global_materials.txt"
         |    loading mode definition file "Sinput_lines.txt"
         | Loading mesh and assigning materials ...
         |    loading MFEM mesh format
         | Frequency: 9e+09
         |    Using existing mesh ...
         |       mesh size: 19
         |       mesh worst element aspect ratio: 3.89711 < target: 5
         |       Solving ...
         |          matrix size: 2476
         |          solving the eigenvalue problem ...
         |             using initial guess for the dominant eigenvalue
         |             number of iterations: 2
         |          post processing ...
         |          solve elapsed time: 2.00929 s
         |       Results:
         |          -------------------------------------------------------------------------------------------------------------------------
         |           mode     frequency           er,eff       alpha,dB/m  beta/1000,rad/m          beta/ko         Zo(real)         Zo(imag)
         |          -------------------------------------------------------------------------------------------------------------------------
         |           1            9e+09       0.46978408    9.8382323e-13        0.1292858       0.68540796        488.57237    3.6479135e-13
         |          -------------------------------------------------------------------------------------------------------------------------
         |       Finished
         |       cummulative elapsed time: 2.05669 s
         | Job Complete
         | Elapsed time: 2.05683 s
         Port "output" ...
         | OpenParEM2D Copyright (C) 2024 Brian Young
         | 
         | This program comes with ABSOLUTELY NO WARRANTY.  This is free software,
         | and you are welcome to distribute it under certain conditions. To see
         | the full license, set
         |   output.show.license true
         | in the setup file.
         | 
         | Setting up ...
         |    loading project file "Soutput.proj"
         |    loading materials file "../../../../../../OpenParEM2D/regression/global_materials.txt"
         |    loading mode definition file "Soutput_lines.txt"
         | Loading mesh and assigning materials ...
         |    loading MFEM mesh format
         | Frequency: 9e+09
         |    Using existing mesh ...
         |       mesh size: 32
         |       mesh worst element aspect ratio: 3.89711 < target: 5
         |       Solving ...
         |          matrix size: 4123
         |          solving the eigenvalue problem ...
         |             using initial guess for the dominant eigenvalue
         |             number of iterations: 2
         |          post processing ...
         |          solve elapsed time: 2.88512 s
         |       Results:
         |          -------------------------------------------------------------------------------------------------------------------------
         |           mode     frequency           er,eff       alpha,dB/m  beta/1000,rad/m          beta/ko         Zo(real)         Zo(imag)
         |          -------------------------------------------------------------------------------------------------------------------------
         |           1            9e+09       0.46978408    4.7351139e-12        0.1292858       0.68540796        488.57237    2.1244569e-12
         |          -------------------------------------------------------------------------------------------------------------------------
         |       Finished
         |       cummulative elapsed time: 2.95755 s
         | Job Complete
         | Elapsed time: 2.95786 s
      building finite element spaces ...
      Driving S-port 1 ...
         solving E field in 3D volume ...
--------------------------------------------------------------------------
Primary job  terminated normally, but 1 process returned
a non-zero exit code. Per user-direction, the job has been aborted.
--------------------------------------------------------------------------
--------------------------------------------------------------------------
mpirun noticed that process rank 5 with PID 0 on node Precision-T7920 exited on signal 9 (Killed).
--------------------------------------------------------------------------
